[0.008s] Invoking command in '/home/anthony/Projects/PhD/GPR/ros/gpr_ws/build/gpr_robot_description': CMAKE_PREFIX_PATH=${CMAKE_PREFIX_PATH}:/opt/ros/jazzy DEBUGINFOD_URLS=https://debuginfod.ubuntu.com /usr/bin/cmake --build /home/anthony/Projects/PhD/GPR/ros/gpr_ws/build/gpr_robot_description -- -j32 -l32
[0.042s] -- Found ament_cmake: 2.5.2 (/opt/ros/jazzy/share/ament_cmake/cmake)
[0.271s] -- Override CMake install command with custom implementation using symlinks instead of copying resources
[0.281s] -- Found ament_lint_auto: 0.17.1 (/opt/ros/jazzy/share/ament_lint_auto/cmake)
[0.354s] -- Configuring done (0.3s)
[0.356s] -- Generating done (0.0s)
[0.357s] -- Build files have been written to: /home/anthony/Projects/PhD/GPR/ros/gpr_ws/build/gpr_robot_description
[0.376s] Invoked command in '/home/anthony/Projects/PhD/GPR/ros/gpr_ws/build/gpr_robot_description' returned '0': CMAKE_PREFIX_PATH=${CMAKE_PREFIX_PATH}:/opt/ros/jazzy DEBUGINFOD_URLS=https://debuginfod.ubuntu.com /usr/bin/cmake --build /home/anthony/Projects/PhD/GPR/ros/gpr_ws/build/gpr_robot_description -- -j32 -l32
[0.386s] Invoking command in '/home/anthony/Projects/PhD/GPR/ros/gpr_ws/build/gpr_robot_description': CMAKE_PREFIX_PATH=${CMAKE_PREFIX_PATH}:/opt/ros/jazzy DEBUGINFOD_URLS=https://debuginfod.ubuntu.com /usr/bin/cmake --install /home/anthony/Projects/PhD/GPR/ros/gpr_ws/build/gpr_robot_description
[0.400s] -- Install configuration: ""
[0.401s] -- Execute custom install script
[0.402s] -- Up-to-date symlink: /home/anthony/Projects/PhD/GPR/ros/gpr_ws/install/gpr_robot_description/share/gpr_robot_description/models/gpr_robot/landscape/materials/scripts/rock_texture_1.material
[0.402s] -- Up-to-date symlink: /home/anthony/Projects/PhD/GPR/ros/gpr_ws/install/gpr_robot_description/share/gpr_robot_description/models/gpr_robot/landscape/materials/scripts/sand_pebbles.material
[0.402s] -- Up-to-date symlink: /home/anthony/Projects/PhD/GPR/ros/gpr_ws/install/gpr_robot_description/share/gpr_robot_description/models/gpr_robot/landscape/materials/textures/rock_texture_1.png
[0.403s] -- Up-to-date symlink: /home/anthony/Projects/PhD/GPR/ros/gpr_ws/install/gpr_robot_description/share/gpr_robot_description/models/gpr_robot/landscape/materials/textures/sand_pebbles.png
[0.403s] -- Up-to-date symlink: /home/anthony/Projects/PhD/GPR/ros/gpr_ws/install/gpr_robot_description/share/gpr_robot_description/models/gpr_robot/landscape/meshes/terrain.stl
[0.403s] -- Up-to-date symlink: /home/anthony/Projects/PhD/GPR/ros/gpr_ws/install/gpr_robot_description/share/gpr_robot_description/models/gpr_robot/landscape/model.sdf
[0.403s] -- Up-to-date symlink: /home/anthony/Projects/PhD/GPR/ros/gpr_ws/install/gpr_robot_description/share/gpr_robot_description/models/gpr_robot/model.config
[0.403s] -- Up-to-date symlink: /home/anthony/Projects/PhD/GPR/ros/gpr_ws/install/gpr_robot_description/share/gpr_robot_description/models/gpr_robot/model.sdf
[0.403s] -- Up-to-date symlink: /home/anthony/Projects/PhD/GPR/ros/gpr_ws/install/gpr_robot_description/share/gpr_robot_description/models/gpr_robot/robot/meshes/chassis.stl
[0.403s] -- Up-to-date symlink: /home/anthony/Projects/PhD/GPR/ros/gpr_ws/install/gpr_robot_description/share/gpr_robot_description/models/gpr_robot/robot/meshes/wheel.stl
[0.404s] -- Up-to-date symlink: /home/anthony/Projects/PhD/GPR/ros/gpr_ws/install/gpr_robot_description/share/gpr_robot_description/models/gpr_robot/robot/model.sdf
[0.404s] -- Up-to-date symlink: /home/anthony/Projects/PhD/GPR/ros/gpr_ws/install/gpr_robot_description/share/gpr_robot_description/environment/gpr_robot_description.dsv
[0.404s] -- Up-to-date symlink: /home/anthony/Projects/PhD/GPR/ros/gpr_ws/install/gpr_robot_description/share/gpr_robot_description/environment/gpr_robot_description.sh
[0.404s] -- Up-to-date symlink: /home/anthony/Projects/PhD/GPR/ros/gpr_ws/install/gpr_robot_description/share/ament_index/resource_index/package_run_dependencies/gpr_robot_description
[0.404s] -- Up-to-date symlink: /home/anthony/Projects/PhD/GPR/ros/gpr_ws/install/gpr_robot_description/share/ament_index/resource_index/parent_prefix_path/gpr_robot_description
[0.405s] -- Up-to-date symlink: /home/anthony/Projects/PhD/GPR/ros/gpr_ws/install/gpr_robot_description/share/gpr_robot_description/environment/ament_prefix_path.sh
[0.405s] -- Up-to-date symlink: /home/anthony/Projects/PhD/GPR/ros/gpr_ws/install/gpr_robot_description/share/gpr_robot_description/environment/ament_prefix_path.dsv
[0.405s] -- Up-to-date symlink: /home/anthony/Projects/PhD/GPR/ros/gpr_ws/install/gpr_robot_description/share/gpr_robot_description/environment/path.sh
[0.405s] -- Up-to-date symlink: /home/anthony/Projects/PhD/GPR/ros/gpr_ws/install/gpr_robot_description/share/gpr_robot_description/environment/path.dsv
[0.406s] -- Up-to-date symlink: /home/anthony/Projects/PhD/GPR/ros/gpr_ws/install/gpr_robot_description/share/gpr_robot_description/local_setup.bash
[0.406s] -- Up-to-date symlink: /home/anthony/Projects/PhD/GPR/ros/gpr_ws/install/gpr_robot_description/share/gpr_robot_description/local_setup.sh
[0.406s] -- Up-to-date symlink: /home/anthony/Projects/PhD/GPR/ros/gpr_ws/install/gpr_robot_description/share/gpr_robot_description/local_setup.zsh
[0.406s] -- Up-to-date symlink: /home/anthony/Projects/PhD/GPR/ros/gpr_ws/install/gpr_robot_description/share/gpr_robot_description/local_setup.dsv
[0.406s] -- Symlinking: /home/anthony/Projects/PhD/GPR/ros/gpr_ws/install/gpr_robot_description/share/gpr_robot_description/package.dsv
[0.421s] -- Up-to-date symlink: /home/anthony/Projects/PhD/GPR/ros/gpr_ws/install/gpr_robot_description/share/ament_index/resource_index/packages/gpr_robot_description
[0.421s] -- Up-to-date symlink: /home/anthony/Projects/PhD/GPR/ros/gpr_ws/install/gpr_robot_description/share/gpr_robot_description/cmake/gpr_robot_descriptionConfig.cmake
[0.422s] -- Up-to-date symlink: /home/anthony/Projects/PhD/GPR/ros/gpr_ws/install/gpr_robot_description/share/gpr_robot_description/cmake/gpr_robot_descriptionConfig-version.cmake
[0.422s] -- Up-to-date symlink: /home/anthony/Projects/PhD/GPR/ros/gpr_ws/install/gpr_robot_description/share/gpr_robot_description/package.xml
[0.425s] Invoked command in '/home/anthony/Projects/PhD/GPR/ros/gpr_ws/build/gpr_robot_description' returned '0': CMAKE_PREFIX_PATH=${CMAKE_PREFIX_PATH}:/opt/ros/jazzy DEBUGINFOD_URLS=https://debuginfod.ubuntu.com /usr/bin/cmake --install /home/anthony/Projects/PhD/GPR/ros/gpr_ws/build/gpr_robot_description
