[0.122s] DEBUG:colcon:Command line arguments: ['/usr/bin/colcon', 'list', '-p', '--base-paths', '/home/anthony/Projects/phd/GPR-Robot/ws']
[0.122s] DEBUG:colcon:Parsed command line arguments: Namespace(log_base=None, log_level=None, verb_name='list', build_base='build', ignore_user_meta=False, metas=['./colcon.meta'], base_paths=['/home/anthony/Projects/phd/GPR-Robot/ws'], packages_ignore=None, packages_ignore_regex=None, paths=None, packages_up_to=None, packages_up_to_regex=None, packages_above=None, packages_above_and_dependencies=None, packages_above_depth=None, packages_select_by_dep=None, packages_skip_by_dep=None, packages_skip_up_to=None, packages_select_build_failed=False, packages_skip_build_finished=False, packages_select_test_failures=False, packages_skip_test_passed=False, packages_select=None, packages_skip=None, packages_select_regex=None, packages_skip_regex=None, packages_start=None, packages_end=None, allow_overriding=[], topological_order=False, names_only=False, paths_only=True, topological_graph=False, topological_graph_dot=False, topological_graph_density=False, topological_graph_legend=False, topological_graph_dot_cluster=False, topological_graph_dot_include_skipped=False, mixin_files=None, mixin=None, verb_parser=<colcon_mixin.mixin.mixin_argument.MixinArgumentDecorator object at 0x730555ab1340>, verb_extension=<colcon_package_information.verb.list.ListVerb object at 0x730555bab740>, main=<bound method ListVerb.main of <colcon_package_information.verb.list.ListVerb object at 0x730555bab740>>, mixin_verb=('list',))
[0.167s] Level 1:colcon.colcon_core.package_discovery:discover_packages(colcon_meta) check parameters
[0.167s] Level 1:colcon.colcon_core.package_discovery:discover_packages(recursive) check parameters
[0.167s] Level 1:colcon.colcon_core.package_discovery:discover_packages(ignore) check parameters
[0.167s] Level 1:colcon.colcon_core.package_discovery:discover_packages(path) check parameters
[0.167s] Level 1:colcon.colcon_core.package_discovery:discover_packages(recursive) discover
[0.167s] INFO:colcon.colcon_core.package_discovery:Crawling recursively for packages in '/home/anthony/Projects/phd/GPR-Robot/ws'
[0.167s] Level 1:colcon.colcon_core.package_identification:_identify(/home/anthony/Projects/phd/GPR-Robot/ws) by extensions ['ignore', 'ignore_ament_install']
[0.167s] Level 1:colcon.colcon_core.package_identification:_identify(/home/anthony/Projects/phd/GPR-Robot/ws) by extension 'ignore'
[0.167s] Level 1:colcon.colcon_core.package_identification:_identify(/home/anthony/Projects/phd/GPR-Robot/ws) by extension 'ignore_ament_install'
[0.167s] Level 1:colcon.colcon_core.package_identification:_identify(/home/anthony/Projects/phd/GPR-Robot/ws) by extensions ['colcon_pkg']
[0.167s] Level 1:colcon.colcon_core.package_identification:_identify(/home/anthony/Projects/phd/GPR-Robot/ws) by extension 'colcon_pkg'
[0.167s] Level 1:colcon.colcon_core.package_identification:_identify(/home/anthony/Projects/phd/GPR-Robot/ws) by extensions ['colcon_meta']
[0.168s] Level 1:colcon.colcon_core.package_identification:_identify(/home/anthony/Projects/phd/GPR-Robot/ws) by extension 'colcon_meta'
[0.168s] Level 1:colcon.colcon_core.package_identification:_identify(/home/anthony/Projects/phd/GPR-Robot/ws) by extensions ['ros']
[0.168s] Level 1:colcon.colcon_core.package_identification:_identify(/home/anthony/Projects/phd/GPR-Robot/ws) by extension 'ros'
[0.195s] Level 1:colcon.colcon_core.package_identification:_identify(/home/anthony/Projects/phd/GPR-Robot/ws) by extensions ['cmake', 'python']
[0.195s] Level 1:colcon.colcon_core.package_identification:_identify(/home/anthony/Projects/phd/GPR-Robot/ws) by extension 'cmake'
[0.195s] Level 1:colcon.colcon_core.package_identification:_identify(/home/anthony/Projects/phd/GPR-Robot/ws) by extension 'python'
[0.196s] Level 1:colcon.colcon_core.package_identification:_identify(/home/anthony/Projects/phd/GPR-Robot/ws) by extensions ['python_setup_py']
[0.196s] Level 1:colcon.colcon_core.package_identification:_identify(/home/anthony/Projects/phd/GPR-Robot/ws) by extension 'python_setup_py'
[0.196s] Level 1:colcon.colcon_core.package_identification:_identify(/home/anthony/Projects/phd/GPR-Robot/ws/log) by extensions ['ignore', 'ignore_ament_install']
[0.196s] Level 1:colcon.colcon_core.package_identification:_identify(/home/anthony/Projects/phd/GPR-Robot/ws/log) by extension 'ignore'
[0.196s] Level 1:colcon.colcon_core.package_identification:_identify(/home/anthony/Projects/phd/GPR-Robot/ws/log) ignored
[0.196s] Level 1:colcon.colcon_core.package_identification:_identify(/home/anthony/Projects/phd/GPR-Robot/ws/src) by extensions ['ignore', 'ignore_ament_install']
[0.196s] Level 1:colcon.colcon_core.package_identification:_identify(/home/anthony/Projects/phd/GPR-Robot/ws/src) by extension 'ignore'
[0.196s] Level 1:colcon.colcon_core.package_identification:_identify(/home/anthony/Projects/phd/GPR-Robot/ws/src) by extension 'ignore_ament_install'
[0.196s] Level 1:colcon.colcon_core.package_identification:_identify(/home/anthony/Projects/phd/GPR-Robot/ws/src) by extensions ['colcon_pkg']
[0.196s] Level 1:colcon.colcon_core.package_identification:_identify(/home/anthony/Projects/phd/GPR-Robot/ws/src) by extension 'colcon_pkg'
[0.196s] Level 1:colcon.colcon_core.package_identification:_identify(/home/anthony/Projects/phd/GPR-Robot/ws/src) by extensions ['colcon_meta']
[0.196s] Level 1:colcon.colcon_core.package_identification:_identify(/home/anthony/Projects/phd/GPR-Robot/ws/src) by extension 'colcon_meta'
[0.197s] Level 1:colcon.colcon_core.package_identification:_identify(/home/anthony/Projects/phd/GPR-Robot/ws/src) by extensions ['ros']
[0.197s] Level 1:colcon.colcon_core.package_identification:_identify(/home/anthony/Projects/phd/GPR-Robot/ws/src) by extension 'ros'
[0.197s] Level 1:colcon.colcon_core.package_identification:_identify(/home/anthony/Projects/phd/GPR-Robot/ws/src) by extensions ['cmake', 'python']
[0.197s] Level 1:colcon.colcon_core.package_identification:_identify(/home/anthony/Projects/phd/GPR-Robot/ws/src) by extension 'cmake'
[0.197s] Level 1:colcon.colcon_core.package_identification:_identify(/home/anthony/Projects/phd/GPR-Robot/ws/src) by extension 'python'
[0.197s] Level 1:colcon.colcon_core.package_identification:_identify(/home/anthony/Projects/phd/GPR-Robot/ws/src) by extensions ['python_setup_py']
[0.197s] Level 1:colcon.colcon_core.package_identification:_identify(/home/anthony/Projects/phd/GPR-Robot/ws/src) by extension 'python_setup_py'
[0.197s] Level 1:colcon.colcon_core.package_identification:_identify(/home/anthony/Projects/phd/GPR-Robot/ws/src/tutorial) by extensions ['ignore', 'ignore_ament_install']
[0.197s] Level 1:colcon.colcon_core.package_identification:_identify(/home/anthony/Projects/phd/GPR-Robot/ws/src/tutorial) by extension 'ignore'
[0.197s] Level 1:colcon.colcon_core.package_identification:_identify(/home/anthony/Projects/phd/GPR-Robot/ws/src/tutorial) by extension 'ignore_ament_install'
[0.197s] Level 1:colcon.colcon_core.package_identification:_identify(/home/anthony/Projects/phd/GPR-Robot/ws/src/tutorial) by extensions ['colcon_pkg']
[0.197s] Level 1:colcon.colcon_core.package_identification:_identify(/home/anthony/Projects/phd/GPR-Robot/ws/src/tutorial) by extension 'colcon_pkg'
[0.197s] Level 1:colcon.colcon_core.package_identification:_identify(/home/anthony/Projects/phd/GPR-Robot/ws/src/tutorial) by extensions ['colcon_meta']
[0.197s] Level 1:colcon.colcon_core.package_identification:_identify(/home/anthony/Projects/phd/GPR-Robot/ws/src/tutorial) by extension 'colcon_meta'
[0.197s] Level 1:colcon.colcon_core.package_identification:_identify(/home/anthony/Projects/phd/GPR-Robot/ws/src/tutorial) by extensions ['ros']
[0.198s] Level 1:colcon.colcon_core.package_identification:_identify(/home/anthony/Projects/phd/GPR-Robot/ws/src/tutorial) by extension 'ros'
[0.200s] DEBUG:colcon.colcon_core.package_identification:Package '/home/anthony/Projects/phd/GPR-Robot/ws/src/tutorial' with type 'ros.ament_cmake' and name 'sam_bot_description'
[0.200s] Level 1:colcon.colcon_core.package_discovery:discover_packages(recursive) using defaults
