[0.010s] Invoking command in '/home/anthony/Projects/PhD/GPR/ros/gpr_ws/build/gpr_robot_description': CMAKE_PREFIX_PATH=${CMAKE_PREFIX_PATH}:/opt/ros/jazzy DEBUGINFOD_URLS=https://debuginfod.ubuntu.com /usr/bin/cmake /home/anthony/Projects/PhD/GPR/ros/gpr_ws/src/gpr_robot/gpr_robot_description -DAMENT_CMAKE_SYMLINK_INSTALL=1 -DCMAKE_INSTALL_PREFIX=/home/anthony/Projects/PhD/GPR/ros/gpr_ws/install/gpr_robot_description
[0.105s] -- The C compiler identification is GNU 13.2.0
[0.187s] -- The CXX compiler identification is GNU 13.2.0
[0.206s] -- Detecting C compiler ABI info
[0.353s] -- Detecting C compiler ABI info - done
[0.361s] -- Check for working C compiler: /usr/bin/cc - skipped
[0.361s] -- Detecting C compile features
[0.362s] -- Detecting C compile features - done
[0.373s] -- Detecting CXX compiler ABI info
[0.518s] -- Detecting CXX compiler ABI info - done
[0.528s] -- Check for working CXX compiler: /usr/bin/c++ - skipped
[0.528s] -- Detecting CXX compile features
[0.528s] -- Detecting CXX compile features - done
[0.533s] -- Found ament_cmake: 2.5.2 (/opt/ros/jazzy/share/ament_cmake/cmake)
[0.670s] -- Found Python3: /usr/bin/python3 (found version "3.12.3") found components: Interpreter 
[0.748s] -- Override CMake install command with custom implementation using symlinks instead of copying resources
[0.789s] -- Found ament_lint_auto: 0.17.1 (/opt/ros/jazzy/share/ament_lint_auto/cmake)
[0.864s] [31mCMake Error at /opt/ros/jazzy/share/ament_cmake_core/cmake/core/assert_file_exists.cmake:20 (message):
[0.864s]   ament_environment_hooks() the passed hook file
[0.864s]   '/home/anthony/Projects/PhD/GPR/ros/gpr_ws/src/gpr_robot/gpr_robot_description/hooks/gpr_robot_description.dsv.in'
[0.864s]   does not exist
[0.864s] Call Stack (most recent call first):
[0.864s]   /opt/ros/jazzy/share/ament_cmake_core/cmake/environment_hooks/ament_environment_hooks.cmake:35 (assert_file_exists)
[0.864s]   CMakeLists.txt:18 (ament_environment_hooks)
[0.864s] 
[0.864s] [0m
[0.864s] -- Configuring incomplete, errors occurred!
[0.867s] Invoked command in '/home/anthony/Projects/PhD/GPR/ros/gpr_ws/build/gpr_robot_description' returned '1': CMAKE_PREFIX_PATH=${CMAKE_PREFIX_PATH}:/opt/ros/jazzy DEBUGINFOD_URLS=https://debuginfod.ubuntu.com /usr/bin/cmake /home/anthony/Projects/PhD/GPR/ros/gpr_ws/src/gpr_robot/gpr_robot_description -DAMENT_CMAKE_SYMLINK_INSTALL=1 -DCMAKE_INSTALL_PREFIX=/home/anthony/Projects/PhD/GPR/ros/gpr_ws/install/gpr_robot_description
