[0.091s] DEBUG:colcon:Command line arguments: ['/usr/bin/colcon', 'list', '-p', '--base-paths', '/home/anthony/Projects/PhD/GPR/ros/gpr_ws']
[0.091s] DEBUG:colcon:Parsed command line arguments: Namespace(log_base=None, log_level=None, verb_name='list', build_base='build', ignore_user_meta=False, metas=['./colcon.meta'], base_paths=['/home/anthony/Projects/PhD/GPR/ros/gpr_ws'], packages_ignore=None, packages_ignore_regex=None, paths=None, packages_up_to=None, packages_up_to_regex=None, packages_above=None, packages_above_and_dependencies=None, packages_above_depth=None, packages_select_by_dep=None, packages_skip_by_dep=None, packages_skip_up_to=None, packages_select_build_failed=False, packages_skip_build_finished=False, packages_select_test_failures=False, packages_skip_test_passed=False, packages_select=None, packages_skip=None, packages_select_regex=None, packages_skip_regex=None, packages_start=None, packages_end=None, allow_overriding=[], topological_order=False, names_only=False, paths_only=True, topological_graph=False, topological_graph_dot=False, topological_graph_density=False, topological_graph_legend=False, topological_graph_dot_cluster=False, topological_graph_dot_include_skipped=False, mixin_files=None, mixin=None, verb_parser=<colcon_mixin.mixin.mixin_argument.MixinArgumentDecorator object at 0x773714af66c0>, verb_extension=<colcon_package_information.verb.list.ListVerb object at 0x773714af58b0>, main=<bound method ListVerb.main of <colcon_package_information.verb.list.ListVerb object at 0x773714af58b0>>, mixin_verb=('list',))
[0.115s] Level 1:colcon.colcon_core.package_discovery:discover_packages(colcon_meta) check parameters
[0.115s] Level 1:colcon.colcon_core.package_discovery:discover_packages(recursive) check parameters
[0.115s] Level 1:colcon.colcon_core.package_discovery:discover_packages(ignore) check parameters
[0.115s] Level 1:colcon.colcon_core.package_discovery:discover_packages(path) check parameters
[0.115s] Level 1:colcon.colcon_core.package_discovery:discover_packages(recursive) discover
[0.115s] INFO:colcon.colcon_core.package_discovery:Crawling recursively for packages in '/home/anthony/Projects/PhD/GPR/ros/gpr_ws'
[0.115s] Level 1:colcon.colcon_core.package_identification:_identify(/home/anthony/Projects/PhD/GPR/ros/gpr_ws) by extensions ['ignore', 'ignore_ament_install']
[0.116s] Level 1:colcon.colcon_core.package_identification:_identify(/home/anthony/Projects/PhD/GPR/ros/gpr_ws) by extension 'ignore'
[0.116s] Level 1:colcon.colcon_core.package_identification:_identify(/home/anthony/Projects/PhD/GPR/ros/gpr_ws) by extension 'ignore_ament_install'
[0.116s] Level 1:colcon.colcon_core.package_identification:_identify(/home/anthony/Projects/PhD/GPR/ros/gpr_ws) by extensions ['colcon_pkg']
[0.116s] Level 1:colcon.colcon_core.package_identification:_identify(/home/anthony/Projects/PhD/GPR/ros/gpr_ws) by extension 'colcon_pkg'
[0.116s] Level 1:colcon.colcon_core.package_identification:_identify(/home/anthony/Projects/PhD/GPR/ros/gpr_ws) by extensions ['colcon_meta']
[0.116s] Level 1:colcon.colcon_core.package_identification:_identify(/home/anthony/Projects/PhD/GPR/ros/gpr_ws) by extension 'colcon_meta'
[0.116s] Level 1:colcon.colcon_core.package_identification:_identify(/home/anthony/Projects/PhD/GPR/ros/gpr_ws) by extensions ['ros']
[0.116s] Level 1:colcon.colcon_core.package_identification:_identify(/home/anthony/Projects/PhD/GPR/ros/gpr_ws) by extension 'ros'
[0.133s] Level 1:colcon.colcon_core.package_identification:_identify(/home/anthony/Projects/PhD/GPR/ros/gpr_ws) by extensions ['cmake', 'python']
[0.133s] Level 1:colcon.colcon_core.package_identification:_identify(/home/anthony/Projects/PhD/GPR/ros/gpr_ws) by extension 'cmake'
[0.133s] Level 1:colcon.colcon_core.package_identification:_identify(/home/anthony/Projects/PhD/GPR/ros/gpr_ws) by extension 'python'
[0.133s] Level 1:colcon.colcon_core.package_identification:_identify(/home/anthony/Projects/PhD/GPR/ros/gpr_ws) by extensions ['python_setup_py']
[0.133s] Level 1:colcon.colcon_core.package_identification:_identify(/home/anthony/Projects/PhD/GPR/ros/gpr_ws) by extension 'python_setup_py'
[0.133s] Level 1:colcon.colcon_core.package_identification:_identify(/home/anthony/Projects/PhD/GPR/ros/gpr_ws/build) by extensions ['ignore', 'ignore_ament_install']
[0.133s] Level 1:colcon.colcon_core.package_identification:_identify(/home/anthony/Projects/PhD/GPR/ros/gpr_ws/build) by extension 'ignore'
[0.134s] Level 1:colcon.colcon_core.package_identification:_identify(/home/anthony/Projects/PhD/GPR/ros/gpr_ws/build) ignored
[0.134s] Level 1:colcon.colcon_core.package_identification:_identify(/home/anthony/Projects/PhD/GPR/ros/gpr_ws/install) by extensions ['ignore', 'ignore_ament_install']
[0.134s] Level 1:colcon.colcon_core.package_identification:_identify(/home/anthony/Projects/PhD/GPR/ros/gpr_ws/install) by extension 'ignore'
[0.134s] Level 1:colcon.colcon_core.package_identification:_identify(/home/anthony/Projects/PhD/GPR/ros/gpr_ws/install) ignored
[0.134s] Level 1:colcon.colcon_core.package_identification:_identify(/home/anthony/Projects/PhD/GPR/ros/gpr_ws/log) by extensions ['ignore', 'ignore_ament_install']
[0.134s] Level 1:colcon.colcon_core.package_identification:_identify(/home/anthony/Projects/PhD/GPR/ros/gpr_ws/log) by extension 'ignore'
[0.134s] Level 1:colcon.colcon_core.package_identification:_identify(/home/anthony/Projects/PhD/GPR/ros/gpr_ws/log) ignored
[0.134s] Level 1:colcon.colcon_core.package_identification:_identify(/home/anthony/Projects/PhD/GPR/ros/gpr_ws/src) by extensions ['ignore', 'ignore_ament_install']
[0.134s] Level 1:colcon.colcon_core.package_identification:_identify(/home/anthony/Projects/PhD/GPR/ros/gpr_ws/src) by extension 'ignore'
[0.134s] Level 1:colcon.colcon_core.package_identification:_identify(/home/anthony/Projects/PhD/GPR/ros/gpr_ws/src) by extension 'ignore_ament_install'
[0.134s] Level 1:colcon.colcon_core.package_identification:_identify(/home/anthony/Projects/PhD/GPR/ros/gpr_ws/src) by extensions ['colcon_pkg']
[0.134s] Level 1:colcon.colcon_core.package_identification:_identify(/home/anthony/Projects/PhD/GPR/ros/gpr_ws/src) by extension 'colcon_pkg'
[0.134s] Level 1:colcon.colcon_core.package_identification:_identify(/home/anthony/Projects/PhD/GPR/ros/gpr_ws/src) by extensions ['colcon_meta']
[0.134s] Level 1:colcon.colcon_core.package_identification:_identify(/home/anthony/Projects/PhD/GPR/ros/gpr_ws/src) by extension 'colcon_meta'
[0.134s] Level 1:colcon.colcon_core.package_identification:_identify(/home/anthony/Projects/PhD/GPR/ros/gpr_ws/src) by extensions ['ros']
[0.134s] Level 1:colcon.colcon_core.package_identification:_identify(/home/anthony/Projects/PhD/GPR/ros/gpr_ws/src) by extension 'ros'
[0.134s] Level 1:colcon.colcon_core.package_identification:_identify(/home/anthony/Projects/PhD/GPR/ros/gpr_ws/src) by extensions ['cmake', 'python']
[0.134s] Level 1:colcon.colcon_core.package_identification:_identify(/home/anthony/Projects/PhD/GPR/ros/gpr_ws/src) by extension 'cmake'
[0.134s] Level 1:colcon.colcon_core.package_identification:_identify(/home/anthony/Projects/PhD/GPR/ros/gpr_ws/src) by extension 'python'
[0.134s] Level 1:colcon.colcon_core.package_identification:_identify(/home/anthony/Projects/PhD/GPR/ros/gpr_ws/src) by extensions ['python_setup_py']
[0.134s] Level 1:colcon.colcon_core.package_identification:_identify(/home/anthony/Projects/PhD/GPR/ros/gpr_ws/src) by extension 'python_setup_py'
[0.134s] Level 1:colcon.colcon_core.package_identification:_identify(/home/anthony/Projects/PhD/GPR/ros/gpr_ws/src/gpr_robot) by extensions ['ignore', 'ignore_ament_install']
[0.134s] Level 1:colcon.colcon_core.package_identification:_identify(/home/anthony/Projects/PhD/GPR/ros/gpr_ws/src/gpr_robot) by extension 'ignore'
[0.134s] Level 1:colcon.colcon_core.package_identification:_identify(/home/anthony/Projects/PhD/GPR/ros/gpr_ws/src/gpr_robot) by extension 'ignore_ament_install'
[0.134s] Level 1:colcon.colcon_core.package_identification:_identify(/home/anthony/Projects/PhD/GPR/ros/gpr_ws/src/gpr_robot) by extensions ['colcon_pkg']
[0.134s] Level 1:colcon.colcon_core.package_identification:_identify(/home/anthony/Projects/PhD/GPR/ros/gpr_ws/src/gpr_robot) by extension 'colcon_pkg'
[0.134s] Level 1:colcon.colcon_core.package_identification:_identify(/home/anthony/Projects/PhD/GPR/ros/gpr_ws/src/gpr_robot) by extensions ['colcon_meta']
[0.134s] Level 1:colcon.colcon_core.package_identification:_identify(/home/anthony/Projects/PhD/GPR/ros/gpr_ws/src/gpr_robot) by extension 'colcon_meta'
[0.135s] Level 1:colcon.colcon_core.package_identification:_identify(/home/anthony/Projects/PhD/GPR/ros/gpr_ws/src/gpr_robot) by extensions ['ros']
[0.135s] Level 1:colcon.colcon_core.package_identification:_identify(/home/anthony/Projects/PhD/GPR/ros/gpr_ws/src/gpr_robot) by extension 'ros'
[0.135s] Level 1:colcon.colcon_core.package_identification:_identify(/home/anthony/Projects/PhD/GPR/ros/gpr_ws/src/gpr_robot) by extensions ['cmake', 'python']
[0.135s] Level 1:colcon.colcon_core.package_identification:_identify(/home/anthony/Projects/PhD/GPR/ros/gpr_ws/src/gpr_robot) by extension 'cmake'
[0.135s] Level 1:colcon.colcon_core.package_identification:_identify(/home/anthony/Projects/PhD/GPR/ros/gpr_ws/src/gpr_robot) by extension 'python'
[0.135s] Level 1:colcon.colcon_core.package_identification:_identify(/home/anthony/Projects/PhD/GPR/ros/gpr_ws/src/gpr_robot) by extensions ['python_setup_py']
[0.135s] Level 1:colcon.colcon_core.package_identification:_identify(/home/anthony/Projects/PhD/GPR/ros/gpr_ws/src/gpr_robot) by extension 'python_setup_py'
[0.135s] Level 1:colcon.colcon_core.package_identification:_identify(/home/anthony/Projects/PhD/GPR/ros/gpr_ws/src/gpr_robot/gpr_robot_bringup) by extensions ['ignore', 'ignore_ament_install']
[0.135s] Level 1:colcon.colcon_core.package_identification:_identify(/home/anthony/Projects/PhD/GPR/ros/gpr_ws/src/gpr_robot/gpr_robot_bringup) by extension 'ignore'
[0.135s] Level 1:colcon.colcon_core.package_identification:_identify(/home/anthony/Projects/PhD/GPR/ros/gpr_ws/src/gpr_robot/gpr_robot_bringup) by extension 'ignore_ament_install'
[0.135s] Level 1:colcon.colcon_core.package_identification:_identify(/home/anthony/Projects/PhD/GPR/ros/gpr_ws/src/gpr_robot/gpr_robot_bringup) by extensions ['colcon_pkg']
[0.135s] Level 1:colcon.colcon_core.package_identification:_identify(/home/anthony/Projects/PhD/GPR/ros/gpr_ws/src/gpr_robot/gpr_robot_bringup) by extension 'colcon_pkg'
[0.135s] Level 1:colcon.colcon_core.package_identification:_identify(/home/anthony/Projects/PhD/GPR/ros/gpr_ws/src/gpr_robot/gpr_robot_bringup) by extensions ['colcon_meta']
[0.135s] Level 1:colcon.colcon_core.package_identification:_identify(/home/anthony/Projects/PhD/GPR/ros/gpr_ws/src/gpr_robot/gpr_robot_bringup) by extension 'colcon_meta'
[0.135s] Level 1:colcon.colcon_core.package_identification:_identify(/home/anthony/Projects/PhD/GPR/ros/gpr_ws/src/gpr_robot/gpr_robot_bringup) by extensions ['ros']
[0.135s] Level 1:colcon.colcon_core.package_identification:_identify(/home/anthony/Projects/PhD/GPR/ros/gpr_ws/src/gpr_robot/gpr_robot_bringup) by extension 'ros'
[0.137s] DEBUG:colcon.colcon_core.package_identification:Package '/home/anthony/Projects/PhD/GPR/ros/gpr_ws/src/gpr_robot/gpr_robot_bringup' with type 'ros.ament_cmake' and name 'ros_gz_example_bringup'
[0.137s] Level 1:colcon.colcon_core.package_identification:_identify(/home/anthony/Projects/PhD/GPR/ros/gpr_ws/src/gpr_robot/gpr_robot_description) by extensions ['ignore', 'ignore_ament_install']
[0.137s] Level 1:colcon.colcon_core.package_identification:_identify(/home/anthony/Projects/PhD/GPR/ros/gpr_ws/src/gpr_robot/gpr_robot_description) by extension 'ignore'
[0.137s] Level 1:colcon.colcon_core.package_identification:_identify(/home/anthony/Projects/PhD/GPR/ros/gpr_ws/src/gpr_robot/gpr_robot_description) by extension 'ignore_ament_install'
[0.137s] Level 1:colcon.colcon_core.package_identification:_identify(/home/anthony/Projects/PhD/GPR/ros/gpr_ws/src/gpr_robot/gpr_robot_description) by extensions ['colcon_pkg']
[0.137s] Level 1:colcon.colcon_core.package_identification:_identify(/home/anthony/Projects/PhD/GPR/ros/gpr_ws/src/gpr_robot/gpr_robot_description) by extension 'colcon_pkg'
[0.137s] Level 1:colcon.colcon_core.package_identification:_identify(/home/anthony/Projects/PhD/GPR/ros/gpr_ws/src/gpr_robot/gpr_robot_description) by extensions ['colcon_meta']
[0.137s] Level 1:colcon.colcon_core.package_identification:_identify(/home/anthony/Projects/PhD/GPR/ros/gpr_ws/src/gpr_robot/gpr_robot_description) by extension 'colcon_meta'
[0.137s] Level 1:colcon.colcon_core.package_identification:_identify(/home/anthony/Projects/PhD/GPR/ros/gpr_ws/src/gpr_robot/gpr_robot_description) by extensions ['ros']
[0.137s] Level 1:colcon.colcon_core.package_identification:_identify(/home/anthony/Projects/PhD/GPR/ros/gpr_ws/src/gpr_robot/gpr_robot_description) by extension 'ros'
[0.137s] DEBUG:colcon.colcon_core.package_identification:Package '/home/anthony/Projects/PhD/GPR/ros/gpr_ws/src/gpr_robot/gpr_robot_description' with type 'ros.ament_cmake' and name 'gpr_robot_description'
[0.137s] Level 1:colcon.colcon_core.package_discovery:discover_packages(recursive) using defaults
