[0.011s] Invoking command in '/home/anthony/Projects/PhD/GPR/ros/gpr_ws/build/gpr_robot_bringup': AMENT_PREFIX_PATH=/home/anthony/Projects/PhD/GPR/ros/gpr_ws/install/gpr_robot_description:${AMENT_PREFIX_PATH} CMAKE_PREFIX_PATH=/home/anthony/Projects/PhD/GPR/ros/gpr_ws/install/gpr_robot_description:/opt/ros/jazzy/opt/gz_sim_vendor:/opt/ros/jazzy/opt/gz_sensors_vendor:/opt/ros/jazzy/opt/gz_physics_vendor:/opt/ros/jazzy/opt/sdformat_vendor:/opt/ros/jazzy/opt/gz_gui_vendor:/opt/ros/jazzy/opt/gz_transport_vendor:/opt/ros/jazzy/opt/gz_rendering_vendor:/opt/ros/jazzy/opt/gz_plugin_vendor:/opt/ros/jazzy/opt/gz_fuel_tools_vendor:/opt/ros/jazzy/opt/gz_msgs_vendor:/opt/ros/jazzy/opt/gz_common_vendor:/opt/ros/jazzy/opt/gz_math_vendor:/opt/ros/jazzy/opt/gz_utils_vendor:/opt/ros/jazzy/opt/gz_tools_vendor:/opt/ros/jazzy/opt/gz_ogre_next_vendor:/opt/ros/jazzy/opt/gz_dartsim_vendor:/opt/ros/jazzy/opt/gz_cmake_vendor:/opt/ros/jazzy DEBUGINFOD_URLS=https://debuginfod.ubuntu.com GZ_SIM_RESOURCE_PATH=/home/anthony/Projects/PhD/GPR/ros/gpr_ws/install/gpr_robot_description/share/gpr_robot_description/models /usr/bin/cmake /home/anthony/Projects/PhD/GPR/ros/gpr_ws/src/gpr_robot/gpr_robot_bringup -DCMAKE_INSTALL_PREFIX=/home/anthony/Projects/PhD/GPR/ros/gpr_ws/install/gpr_robot_bringup
[0.079s] -- The C compiler identification is GNU 13.2.0
[0.138s] -- The CXX compiler identification is GNU 13.2.0
[0.151s] -- Detecting C compiler ABI info
[0.266s] -- Detecting C compiler ABI info - done
[0.274s] -- Check for working C compiler: /usr/bin/cc - skipped
[0.275s] -- Detecting C compile features
[0.276s] -- Detecting C compile features - done
[0.292s] -- Detecting CXX compiler ABI info
[0.443s] -- Detecting CXX compiler ABI info - done
[0.449s] -- Check for working CXX compiler: /usr/bin/c++ - skipped
[0.449s] -- Detecting CXX compile features
[0.449s] -- Detecting CXX compile features - done
[0.454s] -- Found ament_cmake: 2.5.2 (/opt/ros/jazzy/share/ament_cmake/cmake)
[0.606s] -- Found Python3: /usr/bin/python3 (found version "3.12.3") found components: Interpreter 
[0.708s] -- Found gpr_robot_description: 0.0.0 (/home/anthony/Projects/PhD/GPR/ros/gpr_ws/install/gpr_robot_description/share/gpr_robot_description/cmake)
[0.710s] -- Found ament_lint_auto: 0.17.1 (/opt/ros/jazzy/share/ament_lint_auto/cmake)
[0.769s] [31mCMake Error at /opt/ros/jazzy/share/ament_cmake_core/cmake/core/ament_package_xml.cmake:53 (message):
[0.769s]   ament_package_xml() package name 'gpr_robot_bringup' in '/package.xml' does
[0.769s]   not match current PROJECT_NAME 'ros_gz_example_bringup'.  You must call
[0.769s]   project() with the same package name before.
[0.769s] Call Stack (most recent call first):
[0.769s]   /opt/ros/jazzy/share/ament_lint_auto/cmake/ament_lint_auto_find_test_dependencies.cmake:31 (ament_package_xml)
[0.769s]   CMakeLists.txt:24 (ament_lint_auto_find_test_dependencies)
[0.769s] 
[0.769s] [0m
[0.769s] -- Configuring incomplete, errors occurred!
[0.773s] Invoked command in '/home/anthony/Projects/PhD/GPR/ros/gpr_ws/build/gpr_robot_bringup' returned '1': AMENT_PREFIX_PATH=/home/anthony/Projects/PhD/GPR/ros/gpr_ws/install/gpr_robot_description:${AMENT_PREFIX_PATH} CMAKE_PREFIX_PATH=/home/anthony/Projects/PhD/GPR/ros/gpr_ws/install/gpr_robot_description:/opt/ros/jazzy/opt/gz_sim_vendor:/opt/ros/jazzy/opt/gz_sensors_vendor:/opt/ros/jazzy/opt/gz_physics_vendor:/opt/ros/jazzy/opt/sdformat_vendor:/opt/ros/jazzy/opt/gz_gui_vendor:/opt/ros/jazzy/opt/gz_transport_vendor:/opt/ros/jazzy/opt/gz_rendering_vendor:/opt/ros/jazzy/opt/gz_plugin_vendor:/opt/ros/jazzy/opt/gz_fuel_tools_vendor:/opt/ros/jazzy/opt/gz_msgs_vendor:/opt/ros/jazzy/opt/gz_common_vendor:/opt/ros/jazzy/opt/gz_math_vendor:/opt/ros/jazzy/opt/gz_utils_vendor:/opt/ros/jazzy/opt/gz_tools_vendor:/opt/ros/jazzy/opt/gz_ogre_next_vendor:/opt/ros/jazzy/opt/gz_dartsim_vendor:/opt/ros/jazzy/opt/gz_cmake_vendor:/opt/ros/jazzy DEBUGINFOD_URLS=https://debuginfod.ubuntu.com GZ_SIM_RESOURCE_PATH=/home/anthony/Projects/PhD/GPR/ros/gpr_ws/install/gpr_robot_description/share/gpr_robot_description/models /usr/bin/cmake /home/anthony/Projects/PhD/GPR/ros/gpr_ws/src/gpr_robot/gpr_robot_bringup -DCMAKE_INSTALL_PREFIX=/home/anthony/Projects/PhD/GPR/ros/gpr_ws/install/gpr_robot_bringup
