[0.109s] DEBUG:colcon:Command line arguments: ['/usr/bin/colcon', 'build']
[0.109s] DEBUG:colcon:Parsed command line arguments: Namespace(log_base=None, log_level=None, verb_name='build', build_base='build', install_base='install', merge_install=False, symlink_install=False, test_result_base=None, continue_on_error=False, executor='parallel', parallel_workers=16, event_handlers=None, ignore_user_meta=False, metas=['./colcon.meta'], base_paths=['.'], packages_ignore=None, packages_ignore_regex=None, paths=None, packages_up_to=None, packages_up_to_regex=None, packages_above=None, packages_above_and_dependencies=None, packages_above_depth=None, packages_select_by_dep=None, packages_skip_by_dep=None, packages_skip_up_to=None, packages_select_build_failed=False, packages_skip_build_finished=False, packages_select_test_failures=False, packages_skip_test_passed=False, packages_select=None, packages_skip=None, packages_select_regex=None, packages_skip_regex=None, packages_start=None, packages_end=None, allow_overriding=[], cmake_args=None, cmake_target=None, cmake_target_skip_unavailable=False, cmake_clean_cache=False, cmake_clean_first=False, cmake_force_configure=False, ament_cmake_args=None, catkin_cmake_args=None, catkin_skip_building_tests=False, mixin_files=None, mixin=None, verb_parser=<colcon_mixin.mixin.mixin_argument.MixinArgumentDecorator object at 0x7e168c3a0800>, verb_extension=<colcon_core.verb.build.BuildVerb object at 0x7e168c49b8f0>, main=<bound method BuildVerb.main of <colcon_core.verb.build.BuildVerb object at 0x7e168c49b8f0>>, mixin_verb=('build',))
[0.145s] Level 1:colcon.colcon_core.package_discovery:discover_packages(colcon_meta) check parameters
[0.145s] Level 1:colcon.colcon_core.package_discovery:discover_packages(recursive) check parameters
[0.146s] Level 1:colcon.colcon_core.package_discovery:discover_packages(ignore) check parameters
[0.146s] Level 1:colcon.colcon_core.package_discovery:discover_packages(path) check parameters
[0.146s] Level 1:colcon.colcon_core.package_discovery:discover_packages(colcon_meta) discover
[0.146s] Level 1:colcon.colcon_core.package_discovery:discover_packages(recursive) discover
[0.146s] INFO:colcon.colcon_core.package_discovery:Crawling recursively for packages in '/home/anthony/Projects/phd/GPR-Robot/ws'
[0.146s] Level 1:colcon.colcon_core.package_identification:_identify(.) by extensions ['ignore', 'ignore_ament_install']
[0.146s] Level 1:colcon.colcon_core.package_identification:_identify(.) by extension 'ignore'
[0.146s] Level 1:colcon.colcon_core.package_identification:_identify(.) by extension 'ignore_ament_install'
[0.146s] Level 1:colcon.colcon_core.package_identification:_identify(.) by extensions ['colcon_pkg']
[0.146s] Level 1:colcon.colcon_core.package_identification:_identify(.) by extension 'colcon_pkg'
[0.146s] Level 1:colcon.colcon_core.package_identification:_identify(.) by extensions ['colcon_meta']
[0.146s] Level 1:colcon.colcon_core.package_identification:_identify(.) by extension 'colcon_meta'
[0.146s] Level 1:colcon.colcon_core.package_identification:_identify(.) by extensions ['ros']
[0.146s] Level 1:colcon.colcon_core.package_identification:_identify(.) by extension 'ros'
[0.171s] Level 1:colcon.colcon_core.package_identification:_identify(.) by extensions ['cmake', 'python']
[0.171s] Level 1:colcon.colcon_core.package_identification:_identify(.) by extension 'cmake'
[0.171s] Level 1:colcon.colcon_core.package_identification:_identify(.) by extension 'python'
[0.171s] Level 1:colcon.colcon_core.package_identification:_identify(.) by extensions ['python_setup_py']
[0.171s] Level 1:colcon.colcon_core.package_identification:_identify(.) by extension 'python_setup_py'
[0.171s] Level 1:colcon.colcon_core.package_identification:_identify(build) by extensions ['ignore', 'ignore_ament_install']
[0.171s] Level 1:colcon.colcon_core.package_identification:_identify(build) by extension 'ignore'
[0.171s] Level 1:colcon.colcon_core.package_identification:_identify(build) ignored
[0.172s] Level 1:colcon.colcon_core.package_identification:_identify(install) by extensions ['ignore', 'ignore_ament_install']
[0.172s] Level 1:colcon.colcon_core.package_identification:_identify(install) by extension 'ignore'
[0.172s] Level 1:colcon.colcon_core.package_identification:_identify(install) ignored
[0.172s] Level 1:colcon.colcon_core.package_identification:_identify(log) by extensions ['ignore', 'ignore_ament_install']
[0.172s] Level 1:colcon.colcon_core.package_identification:_identify(log) by extension 'ignore'
[0.172s] Level 1:colcon.colcon_core.package_identification:_identify(log) ignored
[0.172s] Level 1:colcon.colcon_core.package_identification:_identify(src) by extensions ['ignore', 'ignore_ament_install']
[0.172s] Level 1:colcon.colcon_core.package_identification:_identify(src) by extension 'ignore'
[0.172s] Level 1:colcon.colcon_core.package_identification:_identify(src) by extension 'ignore_ament_install'
[0.172s] Level 1:colcon.colcon_core.package_identification:_identify(src) by extensions ['colcon_pkg']
[0.173s] Level 1:colcon.colcon_core.package_identification:_identify(src) by extension 'colcon_pkg'
[0.173s] Level 1:colcon.colcon_core.package_identification:_identify(src) by extensions ['colcon_meta']
[0.173s] Level 1:colcon.colcon_core.package_identification:_identify(src) by extension 'colcon_meta'
[0.173s] Level 1:colcon.colcon_core.package_identification:_identify(src) by extensions ['ros']
[0.173s] Level 1:colcon.colcon_core.package_identification:_identify(src) by extension 'ros'
[0.173s] Level 1:colcon.colcon_core.package_identification:_identify(src) by extensions ['cmake', 'python']
[0.173s] Level 1:colcon.colcon_core.package_identification:_identify(src) by extension 'cmake'
[0.173s] Level 1:colcon.colcon_core.package_identification:_identify(src) by extension 'python'
[0.173s] Level 1:colcon.colcon_core.package_identification:_identify(src) by extensions ['python_setup_py']
[0.173s] Level 1:colcon.colcon_core.package_identification:_identify(src) by extension 'python_setup_py'
[0.173s] Level 1:colcon.colcon_core.package_identification:_identify(src/tutorial) by extensions ['ignore', 'ignore_ament_install']
[0.173s] Level 1:colcon.colcon_core.package_identification:_identify(src/tutorial) by extension 'ignore'
[0.173s] Level 1:colcon.colcon_core.package_identification:_identify(src/tutorial) by extension 'ignore_ament_install'
[0.173s] Level 1:colcon.colcon_core.package_identification:_identify(src/tutorial) by extensions ['colcon_pkg']
[0.173s] Level 1:colcon.colcon_core.package_identification:_identify(src/tutorial) by extension 'colcon_pkg'
[0.173s] Level 1:colcon.colcon_core.package_identification:_identify(src/tutorial) by extensions ['colcon_meta']
[0.173s] Level 1:colcon.colcon_core.package_identification:_identify(src/tutorial) by extension 'colcon_meta'
[0.173s] Level 1:colcon.colcon_core.package_identification:_identify(src/tutorial) by extensions ['ros']
[0.173s] Level 1:colcon.colcon_core.package_identification:_identify(src/tutorial) by extension 'ros'
[0.176s] DEBUG:colcon.colcon_core.package_identification:Package 'src/tutorial' with type 'ros.ament_cmake' and name 'tutorial_sam_bot'
[0.176s] Level 1:colcon.colcon_core.package_discovery:discover_packages(recursive) using defaults
[0.176s] Level 1:colcon.colcon_core.package_discovery:discover_packages(ignore) discover
[0.176s] Level 1:colcon.colcon_core.package_discovery:discover_packages(ignore) using defaults
[0.176s] Level 1:colcon.colcon_core.package_discovery:discover_packages(path) discover
[0.176s] Level 1:colcon.colcon_core.package_discovery:discover_packages(path) using defaults
[0.192s] Level 1:colcon.colcon_core.package_discovery:discover_packages(prefix_path) check parameters
[0.192s] Level 1:colcon.colcon_core.package_discovery:discover_packages(prefix_path) discover
[0.194s] DEBUG:colcon.colcon_installed_package_information.package_discovery:Found 1 installed packages in /home/anthony/Projects/phd/GPR-Robot/ws/install
[0.196s] DEBUG:colcon.colcon_installed_package_information.package_discovery:Found 382 installed packages in /opt/ros/jazzy
[0.198s] Level 1:colcon.colcon_core.package_discovery:discover_packages(prefix_path) using defaults
[0.254s] Level 5:colcon.colcon_core.verb:set package 'tutorial_sam_bot' build argument 'cmake_args' from command line to 'None'
[0.254s] Level 5:colcon.colcon_core.verb:set package 'tutorial_sam_bot' build argument 'cmake_target' from command line to 'None'
[0.254s] Level 5:colcon.colcon_core.verb:set package 'tutorial_sam_bot' build argument 'cmake_target_skip_unavailable' from command line to 'False'
[0.254s] Level 5:colcon.colcon_core.verb:set package 'tutorial_sam_bot' build argument 'cmake_clean_cache' from command line to 'False'
[0.254s] Level 5:colcon.colcon_core.verb:set package 'tutorial_sam_bot' build argument 'cmake_clean_first' from command line to 'False'
[0.254s] Level 5:colcon.colcon_core.verb:set package 'tutorial_sam_bot' build argument 'cmake_force_configure' from command line to 'False'
[0.254s] Level 5:colcon.colcon_core.verb:set package 'tutorial_sam_bot' build argument 'ament_cmake_args' from command line to 'None'
[0.254s] Level 5:colcon.colcon_core.verb:set package 'tutorial_sam_bot' build argument 'catkin_cmake_args' from command line to 'None'
[0.254s] Level 5:colcon.colcon_core.verb:set package 'tutorial_sam_bot' build argument 'catkin_skip_building_tests' from command line to 'False'
[0.254s] DEBUG:colcon.colcon_core.verb:Building package 'tutorial_sam_bot' with the following arguments: {'ament_cmake_args': None, 'build_base': '/home/anthony/Projects/phd/GPR-Robot/ws/build/tutorial_sam_bot', 'catkin_cmake_args': None, 'catkin_skip_building_tests': False, 'cmake_args': None, 'cmake_clean_cache': False, 'cmake_clean_first': False, 'cmake_force_configure': False, 'cmake_target': None, 'cmake_target_skip_unavailable': False, 'install_base': '/home/anthony/Projects/phd/GPR-Robot/ws/install/tutorial_sam_bot', 'merge_install': False, 'path': '/home/anthony/Projects/phd/GPR-Robot/ws/src/tutorial', 'symlink_install': False, 'test_result_base': None}
[0.255s] INFO:colcon.colcon_core.executor:Executing jobs using 'parallel' executor
[0.256s] DEBUG:colcon.colcon_parallel_executor.executor.parallel:run_until_complete
[0.256s] INFO:colcon.colcon_ros.task.ament_cmake.build:Building ROS package in '/home/anthony/Projects/phd/GPR-Robot/ws/src/tutorial' with build type 'ament_cmake'
[0.256s] INFO:colcon.colcon_cmake.task.cmake.build:Building CMake package in '/home/anthony/Projects/phd/GPR-Robot/ws/src/tutorial'
[0.258s] INFO:colcon.colcon_core.plugin_system:Skipping extension 'colcon_core.shell.bat': Not used on non-Windows systems
[0.258s] INFO:colcon.colcon_core.shell:Skip shell extension 'powershell' for command environment: Not usable outside of PowerShell
[0.258s] DEBUG:colcon.colcon_core.shell:Skip shell extension 'dsv' for command environment
[0.270s] DEBUG:colcon.colcon_core.event_handler.log_command:Invoking command in '/home/anthony/Projects/phd/GPR-Robot/ws/build/tutorial_sam_bot': CMAKE_PREFIX_PATH=${CMAKE_PREFIX_PATH}:/opt/ros/jazzy DEBUGINFOD_URLS=https://debuginfod.ubuntu.com /usr/bin/cmake --build /home/anthony/Projects/phd/GPR-Robot/ws/build/tutorial_sam_bot -- -j16 -l16
[0.727s] DEBUG:colcon.colcon_core.event_handler.log_command:Invoked command in '/home/anthony/Projects/phd/GPR-Robot/ws/build/tutorial_sam_bot' returned '0': CMAKE_PREFIX_PATH=${CMAKE_PREFIX_PATH}:/opt/ros/jazzy DEBUGINFOD_URLS=https://debuginfod.ubuntu.com /usr/bin/cmake --build /home/anthony/Projects/phd/GPR-Robot/ws/build/tutorial_sam_bot -- -j16 -l16
[0.791s] DEBUG:colcon.colcon_core.event_handler.log_command:Invoking command in '/home/anthony/Projects/phd/GPR-Robot/ws/build/tutorial_sam_bot': CMAKE_PREFIX_PATH=${CMAKE_PREFIX_PATH}:/opt/ros/jazzy DEBUGINFOD_URLS=https://debuginfod.ubuntu.com /usr/bin/cmake --install /home/anthony/Projects/phd/GPR-Robot/ws/build/tutorial_sam_bot
[0.813s] Level 1:colcon.colcon_core.environment:create_environment_scripts_only(tutorial_sam_bot)
[0.816s] DEBUG:colcon.colcon_core.event_handler.log_command:Invoked command in '/home/anthony/Projects/phd/GPR-Robot/ws/build/tutorial_sam_bot' returned '0': CMAKE_PREFIX_PATH=${CMAKE_PREFIX_PATH}:/opt/ros/jazzy DEBUGINFOD_URLS=https://debuginfod.ubuntu.com /usr/bin/cmake --install /home/anthony/Projects/phd/GPR-Robot/ws/build/tutorial_sam_bot
[0.818s] Level 1:colcon.colcon_core.environment:checking '/home/anthony/Projects/phd/GPR-Robot/ws/install/tutorial_sam_bot' for CMake module files
[0.818s] Level 1:colcon.colcon_core.environment:checking '/home/anthony/Projects/phd/GPR-Robot/ws/install/tutorial_sam_bot' for CMake config files
[0.819s] Level 1:colcon.colcon_core.shell:create_environment_hook('tutorial_sam_bot', 'cmake_prefix_path')
[0.819s] INFO:colcon.colcon_core.shell:Creating environment hook '/home/anthony/Projects/phd/GPR-Robot/ws/install/tutorial_sam_bot/share/tutorial_sam_bot/hook/cmake_prefix_path.ps1'
[0.819s] INFO:colcon.colcon_core.shell:Creating environment descriptor '/home/anthony/Projects/phd/GPR-Robot/ws/install/tutorial_sam_bot/share/tutorial_sam_bot/hook/cmake_prefix_path.dsv'
[0.820s] INFO:colcon.colcon_core.shell:Creating environment hook '/home/anthony/Projects/phd/GPR-Robot/ws/install/tutorial_sam_bot/share/tutorial_sam_bot/hook/cmake_prefix_path.sh'
[0.821s] Level 1:colcon.colcon_core.environment:checking '/home/anthony/Projects/phd/GPR-Robot/ws/install/tutorial_sam_bot/bin'
[0.821s] Level 1:colcon.colcon_core.environment:checking '/home/anthony/Projects/phd/GPR-Robot/ws/install/tutorial_sam_bot/lib/pkgconfig/tutorial_sam_bot.pc'
[0.821s] Level 1:colcon.colcon_core.environment:checking '/home/anthony/Projects/phd/GPR-Robot/ws/install/tutorial_sam_bot/lib/python3.12/site-packages'
[0.821s] Level 1:colcon.colcon_core.environment:checking '/home/anthony/Projects/phd/GPR-Robot/ws/install/tutorial_sam_bot/bin'
[0.821s] INFO:colcon.colcon_core.shell:Creating package script '/home/anthony/Projects/phd/GPR-Robot/ws/install/tutorial_sam_bot/share/tutorial_sam_bot/package.ps1'
[0.822s] INFO:colcon.colcon_core.shell:Creating package descriptor '/home/anthony/Projects/phd/GPR-Robot/ws/install/tutorial_sam_bot/share/tutorial_sam_bot/package.dsv'
[0.823s] INFO:colcon.colcon_core.shell:Creating package script '/home/anthony/Projects/phd/GPR-Robot/ws/install/tutorial_sam_bot/share/tutorial_sam_bot/package.sh'
[0.823s] INFO:colcon.colcon_core.shell:Creating package script '/home/anthony/Projects/phd/GPR-Robot/ws/install/tutorial_sam_bot/share/tutorial_sam_bot/package.bash'
[0.824s] INFO:colcon.colcon_core.shell:Creating package script '/home/anthony/Projects/phd/GPR-Robot/ws/install/tutorial_sam_bot/share/tutorial_sam_bot/package.zsh'
[0.824s] Level 1:colcon.colcon_core.environment:create_file_with_runtime_dependencies(/home/anthony/Projects/phd/GPR-Robot/ws/install/tutorial_sam_bot/share/colcon-core/packages/tutorial_sam_bot)
[0.875s] Level 1:colcon.colcon_core.environment:create_environment_scripts_only(tutorial_sam_bot)
[0.875s] Level 1:colcon.colcon_core.environment:checking '/home/anthony/Projects/phd/GPR-Robot/ws/install/tutorial_sam_bot' for CMake module files
[0.876s] Level 1:colcon.colcon_core.environment:checking '/home/anthony/Projects/phd/GPR-Robot/ws/install/tutorial_sam_bot' for CMake config files
[0.876s] Level 1:colcon.colcon_core.shell:create_environment_hook('tutorial_sam_bot', 'cmake_prefix_path')
[0.876s] INFO:colcon.colcon_core.shell:Creating environment hook '/home/anthony/Projects/phd/GPR-Robot/ws/install/tutorial_sam_bot/share/tutorial_sam_bot/hook/cmake_prefix_path.ps1'
[0.877s] INFO:colcon.colcon_core.shell:Creating environment descriptor '/home/anthony/Projects/phd/GPR-Robot/ws/install/tutorial_sam_bot/share/tutorial_sam_bot/hook/cmake_prefix_path.dsv'
[0.877s] INFO:colcon.colcon_core.shell:Creating environment hook '/home/anthony/Projects/phd/GPR-Robot/ws/install/tutorial_sam_bot/share/tutorial_sam_bot/hook/cmake_prefix_path.sh'
[0.878s] Level 1:colcon.colcon_core.environment:checking '/home/anthony/Projects/phd/GPR-Robot/ws/install/tutorial_sam_bot/bin'
[0.878s] Level 1:colcon.colcon_core.environment:checking '/home/anthony/Projects/phd/GPR-Robot/ws/install/tutorial_sam_bot/lib/pkgconfig/tutorial_sam_bot.pc'
[0.878s] Level 1:colcon.colcon_core.environment:checking '/home/anthony/Projects/phd/GPR-Robot/ws/install/tutorial_sam_bot/lib/python3.12/site-packages'
[0.878s] Level 1:colcon.colcon_core.environment:checking '/home/anthony/Projects/phd/GPR-Robot/ws/install/tutorial_sam_bot/bin'
[0.878s] INFO:colcon.colcon_core.shell:Creating package script '/home/anthony/Projects/phd/GPR-Robot/ws/install/tutorial_sam_bot/share/tutorial_sam_bot/package.ps1'
[0.879s] INFO:colcon.colcon_core.shell:Creating package descriptor '/home/anthony/Projects/phd/GPR-Robot/ws/install/tutorial_sam_bot/share/tutorial_sam_bot/package.dsv'
[0.879s] INFO:colcon.colcon_core.shell:Creating package script '/home/anthony/Projects/phd/GPR-Robot/ws/install/tutorial_sam_bot/share/tutorial_sam_bot/package.sh'
[0.880s] INFO:colcon.colcon_core.shell:Creating package script '/home/anthony/Projects/phd/GPR-Robot/ws/install/tutorial_sam_bot/share/tutorial_sam_bot/package.bash'
[0.880s] INFO:colcon.colcon_core.shell:Creating package script '/home/anthony/Projects/phd/GPR-Robot/ws/install/tutorial_sam_bot/share/tutorial_sam_bot/package.zsh'
[0.880s] Level 1:colcon.colcon_core.environment:create_file_with_runtime_dependencies(/home/anthony/Projects/phd/GPR-Robot/ws/install/tutorial_sam_bot/share/colcon-core/packages/tutorial_sam_bot)
[0.881s] DEBUG:colcon.colcon_parallel_executor.executor.parallel:closing loop
[0.881s] DEBUG:colcon.colcon_parallel_executor.executor.parallel:loop closed
[0.881s] DEBUG:colcon.colcon_parallel_executor.executor.parallel:run_until_complete finished with '0'
[0.881s] DEBUG:colcon.colcon_core.event_reactor:joining thread
[0.895s] INFO:colcon.colcon_core.plugin_system:Skipping extension 'colcon_notification.desktop_notification.terminal_notifier': Not used on non-Darwin systems
[0.895s] INFO:colcon.colcon_core.plugin_system:Skipping extension 'colcon_notification.desktop_notification.win32': Not used on non-Windows systems
[0.895s] INFO:colcon.colcon_notification.desktop_notification:Sending desktop notification using 'notify2'
[0.923s] DEBUG:colcon.colcon_core.event_reactor:joined thread
[0.923s] INFO:colcon.colcon_core.shell:Creating prefix script '/home/anthony/Projects/phd/GPR-Robot/ws/install/local_setup.ps1'
[0.926s] INFO:colcon.colcon_core.shell:Creating prefix util module '/home/anthony/Projects/phd/GPR-Robot/ws/install/_local_setup_util_ps1.py'
[0.927s] INFO:colcon.colcon_core.shell:Creating prefix chain script '/home/anthony/Projects/phd/GPR-Robot/ws/install/setup.ps1'
[0.929s] INFO:colcon.colcon_core.shell:Creating prefix script '/home/anthony/Projects/phd/GPR-Robot/ws/install/local_setup.sh'
[0.930s] INFO:colcon.colcon_core.shell:Creating prefix util module '/home/anthony/Projects/phd/GPR-Robot/ws/install/_local_setup_util_sh.py'
[0.930s] INFO:colcon.colcon_core.shell:Creating prefix chain script '/home/anthony/Projects/phd/GPR-Robot/ws/install/setup.sh'
[0.932s] INFO:colcon.colcon_core.shell:Creating prefix script '/home/anthony/Projects/phd/GPR-Robot/ws/install/local_setup.bash'
[0.932s] INFO:colcon.colcon_core.shell:Creating prefix chain script '/home/anthony/Projects/phd/GPR-Robot/ws/install/setup.bash'
[0.934s] INFO:colcon.colcon_core.shell:Creating prefix script '/home/anthony/Projects/phd/GPR-Robot/ws/install/local_setup.zsh'
[0.934s] INFO:colcon.colcon_core.shell:Creating prefix chain script '/home/anthony/Projects/phd/GPR-Robot/ws/install/setup.zsh'
