[0.015s] Invoking command in '/home/anthony/Projects/phd/GPR-Robot/ws/build/tutorial_sam_bot': CMAKE_PREFIX_PATH=${CMAKE_PREFIX_PATH}:/opt/ros/jazzy DEBUGINFOD_URLS=https://debuginfod.ubuntu.com /usr/bin/cmake --build /home/anthony/Projects/phd/GPR-Robot/ws/build/tutorial_sam_bot -- -j16 -l16
[0.095s] Invoked command in '/home/anthony/Projects/phd/GPR-Robot/ws/build/tutorial_sam_bot' returned '0': CMAKE_PREFIX_PATH=${CMAKE_PREFIX_PATH}:/opt/ros/jazzy DEBUGINFOD_URLS=https://debuginfod.ubuntu.com /usr/bin/cmake --build /home/anthony/Projects/phd/GPR-Robot/ws/build/tutorial_sam_bot -- -j16 -l16
[0.148s] Invoking command in '/home/anthony/Projects/phd/GPR-Robot/ws/build/tutorial_sam_bot': CMAKE_PREFIX_PATH=${CMAKE_PREFIX_PATH}:/opt/ros/jazzy DEBUGINFOD_URLS=https://debuginfod.ubuntu.com /usr/bin/cmake --install /home/anthony/Projects/phd/GPR-Robot/ws/build/tutorial_sam_bot
[0.158s] -- Install configuration: ""
[0.159s] -- Up-to-date: /home/anthony/Projects/phd/GPR-Robot/ws/install/tutorial_sam_bot/share/tutorial_sam_bot/src
[0.159s] -- Up-to-date: /home/anthony/Projects/phd/GPR-Robot/ws/install/tutorial_sam_bot/share/tutorial_sam_bot/src/description
[0.159s] -- Installing: /home/anthony/Projects/phd/GPR-Robot/ws/install/tutorial_sam_bot/share/tutorial_sam_bot/src/description/sam_bot.urdf
[0.160s] -- Up-to-date: /home/anthony/Projects/phd/GPR-Robot/ws/install/tutorial_sam_bot/share/tutorial_sam_bot/launch
[0.160s] -- Up-to-date: /home/anthony/Projects/phd/GPR-Robot/ws/install/tutorial_sam_bot/share/tutorial_sam_bot/launch/display.launch.py
[0.160s] -- Up-to-date: /home/anthony/Projects/phd/GPR-Robot/ws/install/tutorial_sam_bot/share/tutorial_sam_bot/rviz
[0.160s] -- Up-to-date: /home/anthony/Projects/phd/GPR-Robot/ws/install/tutorial_sam_bot/share/tutorial_sam_bot/rviz/urdf_config.rviz
[0.160s] -- Up-to-date: /home/anthony/Projects/phd/GPR-Robot/ws/install/tutorial_sam_bot/share/ament_index/resource_index/package_run_dependencies/tutorial_sam_bot
[0.161s] -- Up-to-date: /home/anthony/Projects/phd/GPR-Robot/ws/install/tutorial_sam_bot/share/ament_index/resource_index/parent_prefix_path/tutorial_sam_bot
[0.161s] -- Up-to-date: /home/anthony/Projects/phd/GPR-Robot/ws/install/tutorial_sam_bot/share/tutorial_sam_bot/environment/ament_prefix_path.sh
[0.161s] -- Up-to-date: /home/anthony/Projects/phd/GPR-Robot/ws/install/tutorial_sam_bot/share/tutorial_sam_bot/environment/ament_prefix_path.dsv
[0.162s] -- Up-to-date: /home/anthony/Projects/phd/GPR-Robot/ws/install/tutorial_sam_bot/share/tutorial_sam_bot/environment/path.sh
[0.163s] -- Up-to-date: /home/anthony/Projects/phd/GPR-Robot/ws/install/tutorial_sam_bot/share/tutorial_sam_bot/environment/path.dsv
[0.163s] -- Up-to-date: /home/anthony/Projects/phd/GPR-Robot/ws/install/tutorial_sam_bot/share/tutorial_sam_bot/local_setup.bash
[0.163s] -- Up-to-date: /home/anthony/Projects/phd/GPR-Robot/ws/install/tutorial_sam_bot/share/tutorial_sam_bot/local_setup.sh
[0.164s] -- Up-to-date: /home/anthony/Projects/phd/GPR-Robot/ws/install/tutorial_sam_bot/share/tutorial_sam_bot/local_setup.zsh
[0.164s] -- Up-to-date: /home/anthony/Projects/phd/GPR-Robot/ws/install/tutorial_sam_bot/share/tutorial_sam_bot/local_setup.dsv
[0.164s] -- Up-to-date: /home/anthony/Projects/phd/GPR-Robot/ws/install/tutorial_sam_bot/share/tutorial_sam_bot/package.dsv
[0.165s] -- Up-to-date: /home/anthony/Projects/phd/GPR-Robot/ws/install/tutorial_sam_bot/share/ament_index/resource_index/packages/tutorial_sam_bot
[0.165s] -- Up-to-date: /home/anthony/Projects/phd/GPR-Robot/ws/install/tutorial_sam_bot/share/tutorial_sam_bot/cmake/tutorial_sam_botConfig.cmake
[0.165s] -- Up-to-date: /home/anthony/Projects/phd/GPR-Robot/ws/install/tutorial_sam_bot/share/tutorial_sam_bot/cmake/tutorial_sam_botConfig-version.cmake
[0.166s] -- Up-to-date: /home/anthony/Projects/phd/GPR-Robot/ws/install/tutorial_sam_bot/share/tutorial_sam_bot/package.xml
[0.166s] Invoked command in '/home/anthony/Projects/phd/GPR-Robot/ws/build/tutorial_sam_bot' returned '0': CMAKE_PREFIX_PATH=${CMAKE_PREFIX_PATH}:/opt/ros/jazzy DEBUGINFOD_URLS=https://debuginfod.ubuntu.com /usr/bin/cmake --install /home/anthony/Projects/phd/GPR-Robot/ws/build/tutorial_sam_bot
