[0.014s] Invoking command in '/home/anthony/Projects/phd/GPR-Robot/ws/build/tutorial_sam_bot': CMAKE_PREFIX_PATH=${CMAKE_PREFIX_PATH}:/opt/ros/jazzy DEBUGINFOD_URLS=https://debuginfod.ubuntu.com /usr/bin/cmake --build /home/anthony/Projects/phd/GPR-Robot/ws/build/tutorial_sam_bot -- -j16 -l16
[0.047s] -- Found ament_cmake: 2.5.2 (/opt/ros/jazzy/share/ament_cmake/cmake)
[0.307s] -- Found ament_lint_auto: 0.17.1 (/opt/ros/jazzy/share/ament_lint_auto/cmake)
[0.419s] -- Added test 'flake8' to check Python code syntax and style conventions
[0.419s] -- Configured 'flake8' exclude dirs and/or files: 
[0.419s] -- Added test 'lint_cmake' to check CMake code style
[0.420s] -- Added test 'pep257' to check Python code against some of the docstring style conventions in PEP 257
[0.422s] -- Added test 'xmllint' to check XML markup files
[0.423s] -- Configuring done (0.4s)
[0.429s] -- Generating done (0.0s)
[0.430s] -- Build files have been written to: /home/anthony/Projects/phd/GPR-Robot/ws/build/tutorial_sam_bot
[0.470s] Invoked command in '/home/anthony/Projects/phd/GPR-Robot/ws/build/tutorial_sam_bot' returned '0': CMAKE_PREFIX_PATH=${CMAKE_PREFIX_PATH}:/opt/ros/jazzy DEBUGINFOD_URLS=https://debuginfod.ubuntu.com /usr/bin/cmake --build /home/anthony/Projects/phd/GPR-Robot/ws/build/tutorial_sam_bot -- -j16 -l16
[0.534s] Invoking command in '/home/anthony/Projects/phd/GPR-Robot/ws/build/tutorial_sam_bot': CMAKE_PREFIX_PATH=${CMAKE_PREFIX_PATH}:/opt/ros/jazzy DEBUGINFOD_URLS=https://debuginfod.ubuntu.com /usr/bin/cmake --install /home/anthony/Projects/phd/GPR-Robot/ws/build/tutorial_sam_bot
[0.552s] -- Install configuration: ""
[0.552s] -- Up-to-date: /home/anthony/Projects/phd/GPR-Robot/ws/install/tutorial_sam_bot/share/tutorial_sam_bot/src
[0.553s] -- Up-to-date: /home/anthony/Projects/phd/GPR-Robot/ws/install/tutorial_sam_bot/share/tutorial_sam_bot/src/description
[0.553s] -- Installing: /home/anthony/Projects/phd/GPR-Robot/ws/install/tutorial_sam_bot/share/tutorial_sam_bot/src/description/sam_bot.urdf
[0.553s] -- Up-to-date: /home/anthony/Projects/phd/GPR-Robot/ws/install/tutorial_sam_bot/share/tutorial_sam_bot/launch
[0.553s] -- Installing: /home/anthony/Projects/phd/GPR-Robot/ws/install/tutorial_sam_bot/share/tutorial_sam_bot/launch/display.launch.py
[0.554s] -- Up-to-date: /home/anthony/Projects/phd/GPR-Robot/ws/install/tutorial_sam_bot/share/tutorial_sam_bot/rviz
[0.554s] -- Installing: /home/anthony/Projects/phd/GPR-Robot/ws/install/tutorial_sam_bot/share/tutorial_sam_bot/rviz/urdf_config.rviz
[0.554s] -- Up-to-date: /home/anthony/Projects/phd/GPR-Robot/ws/install/tutorial_sam_bot/share/ament_index/resource_index/package_run_dependencies/tutorial_sam_bot
[0.554s] -- Installing: /home/anthony/Projects/phd/GPR-Robot/ws/install/tutorial_sam_bot/share/ament_index/resource_index/parent_prefix_path/tutorial_sam_bot
[0.555s] -- Up-to-date: /home/anthony/Projects/phd/GPR-Robot/ws/install/tutorial_sam_bot/share/tutorial_sam_bot/environment/ament_prefix_path.sh
[0.555s] -- Up-to-date: /home/anthony/Projects/phd/GPR-Robot/ws/install/tutorial_sam_bot/share/tutorial_sam_bot/environment/ament_prefix_path.dsv
[0.555s] -- Up-to-date: /home/anthony/Projects/phd/GPR-Robot/ws/install/tutorial_sam_bot/share/tutorial_sam_bot/environment/path.sh
[0.555s] -- Up-to-date: /home/anthony/Projects/phd/GPR-Robot/ws/install/tutorial_sam_bot/share/tutorial_sam_bot/environment/path.dsv
[0.556s] -- Up-to-date: /home/anthony/Projects/phd/GPR-Robot/ws/install/tutorial_sam_bot/share/tutorial_sam_bot/local_setup.bash
[0.556s] -- Up-to-date: /home/anthony/Projects/phd/GPR-Robot/ws/install/tutorial_sam_bot/share/tutorial_sam_bot/local_setup.sh
[0.557s] -- Up-to-date: /home/anthony/Projects/phd/GPR-Robot/ws/install/tutorial_sam_bot/share/tutorial_sam_bot/local_setup.zsh
[0.557s] -- Up-to-date: /home/anthony/Projects/phd/GPR-Robot/ws/install/tutorial_sam_bot/share/tutorial_sam_bot/local_setup.dsv
[0.558s] -- Installing: /home/anthony/Projects/phd/GPR-Robot/ws/install/tutorial_sam_bot/share/tutorial_sam_bot/package.dsv
[0.558s] -- Up-to-date: /home/anthony/Projects/phd/GPR-Robot/ws/install/tutorial_sam_bot/share/ament_index/resource_index/packages/tutorial_sam_bot
[0.558s] -- Up-to-date: /home/anthony/Projects/phd/GPR-Robot/ws/install/tutorial_sam_bot/share/tutorial_sam_bot/cmake/tutorial_sam_botConfig.cmake
[0.559s] -- Up-to-date: /home/anthony/Projects/phd/GPR-Robot/ws/install/tutorial_sam_bot/share/tutorial_sam_bot/cmake/tutorial_sam_botConfig-version.cmake
[0.559s] -- Installing: /home/anthony/Projects/phd/GPR-Robot/ws/install/tutorial_sam_bot/share/tutorial_sam_bot/package.xml
[0.559s] Invoked command in '/home/anthony/Projects/phd/GPR-Robot/ws/build/tutorial_sam_bot' returned '0': CMAKE_PREFIX_PATH=${CMAKE_PREFIX_PATH}:/opt/ros/jazzy DEBUGINFOD_URLS=https://debuginfod.ubuntu.com /usr/bin/cmake --install /home/anthony/Projects/phd/GPR-Robot/ws/build/tutorial_sam_bot
