[0.012s] Invoking command in '/home/anthony/Projects/phd/GPR-Robot/ws/build/tutorial_sam_bot': CMAKE_PREFIX_PATH=${CMAKE_PREFIX_PATH}:/opt/ros/jazzy DEBUGINFOD_URLS=https://debuginfod.ubuntu.com /usr/bin/cmake /home/anthony/Projects/phd/GPR-Robot/ws/src/tutorial -DCMAKE_INSTALL_PREFIX=/home/anthony/Projects/phd/GPR-Robot/ws/install/tutorial_sam_bot
[0.137s] -- The C compiler identification is GNU 13.2.0
[0.239s] -- The CXX compiler identification is GNU 13.2.0
[0.267s] -- Detecting C compiler ABI info
[0.432s] -- Detecting C compiler ABI info - done
[0.444s] -- Check for working C compiler: /usr/bin/cc - skipped
[0.445s] -- Detecting C compile features
[0.446s] -- Detecting C compile features - done
[0.461s] -- Detecting CXX compiler ABI info
[0.613s] -- Detecting CXX compiler ABI info - done
[0.630s] -- Check for working CXX compiler: /usr/bin/c++ - skipped
[0.631s] -- Detecting CXX compile features
[0.631s] -- Detecting CXX compile features - done
[0.638s] -- Found ament_cmake: 2.5.2 (/opt/ros/jazzy/share/ament_cmake/cmake)
[0.823s] -- Found Python3: /usr/bin/python3 (found version "3.12.3") found components: Interpreter 
[0.958s] -- Found ament_lint_auto: 0.17.1 (/opt/ros/jazzy/share/ament_lint_auto/cmake)
[1.109s] -- Added test 'flake8' to check Python code syntax and style conventions
[1.109s] -- Configured 'flake8' exclude dirs and/or files: 
[1.110s] -- Added test 'lint_cmake' to check CMake code style
[1.111s] -- Added test 'pep257' to check Python code against some of the docstring style conventions in PEP 257
[1.113s] -- Added test 'xmllint' to check XML markup files
[1.115s] -- Configuring done (1.1s)
[1.119s] -- Generating done (0.0s)
[1.119s] -- Build files have been written to: /home/anthony/Projects/phd/GPR-Robot/ws/build/tutorial_sam_bot
[1.125s] Invoked command in '/home/anthony/Projects/phd/GPR-Robot/ws/build/tutorial_sam_bot' returned '0': CMAKE_PREFIX_PATH=${CMAKE_PREFIX_PATH}:/opt/ros/jazzy DEBUGINFOD_URLS=https://debuginfod.ubuntu.com /usr/bin/cmake /home/anthony/Projects/phd/GPR-Robot/ws/src/tutorial -DCMAKE_INSTALL_PREFIX=/home/anthony/Projects/phd/GPR-Robot/ws/install/tutorial_sam_bot
[1.126s] Invoking command in '/home/anthony/Projects/phd/GPR-Robot/ws/build/tutorial_sam_bot': CMAKE_PREFIX_PATH=${CMAKE_PREFIX_PATH}:/opt/ros/jazzy DEBUGINFOD_URLS=https://debuginfod.ubuntu.com /usr/bin/cmake --build /home/anthony/Projects/phd/GPR-Robot/ws/build/tutorial_sam_bot -- -j16 -l16
[1.205s] Invoked command in '/home/anthony/Projects/phd/GPR-Robot/ws/build/tutorial_sam_bot' returned '0': CMAKE_PREFIX_PATH=${CMAKE_PREFIX_PATH}:/opt/ros/jazzy DEBUGINFOD_URLS=https://debuginfod.ubuntu.com /usr/bin/cmake --build /home/anthony/Projects/phd/GPR-Robot/ws/build/tutorial_sam_bot -- -j16 -l16
[1.246s] Invoking command in '/home/anthony/Projects/phd/GPR-Robot/ws/build/tutorial_sam_bot': CMAKE_PREFIX_PATH=${CMAKE_PREFIX_PATH}:/opt/ros/jazzy DEBUGINFOD_URLS=https://debuginfod.ubuntu.com /usr/bin/cmake --install /home/anthony/Projects/phd/GPR-Robot/ws/build/tutorial_sam_bot
[1.256s] -- Install configuration: ""
[1.256s] -- Installing: /home/anthony/Projects/phd/GPR-Robot/ws/install/tutorial_sam_bot/share/tutorial_sam_bot/src
[1.256s] -- Installing: /home/anthony/Projects/phd/GPR-Robot/ws/install/tutorial_sam_bot/share/tutorial_sam_bot/src/description
[1.256s] -- Installing: /home/anthony/Projects/phd/GPR-Robot/ws/install/tutorial_sam_bot/share/tutorial_sam_bot/src/description/sam_bot.urdf
[1.257s] -- Installing: /home/anthony/Projects/phd/GPR-Robot/ws/install/tutorial_sam_bot/share/tutorial_sam_bot/launch
[1.257s] -- Installing: /home/anthony/Projects/phd/GPR-Robot/ws/install/tutorial_sam_bot/share/tutorial_sam_bot/launch/display.launch.py
[1.257s] -- Installing: /home/anthony/Projects/phd/GPR-Robot/ws/install/tutorial_sam_bot/share/tutorial_sam_bot/rviz
[1.257s] -- Installing: /home/anthony/Projects/phd/GPR-Robot/ws/install/tutorial_sam_bot/share/tutorial_sam_bot/rviz/urdf_config.rviz
[1.258s] -- Installing: /home/anthony/Projects/phd/GPR-Robot/ws/install/tutorial_sam_bot/share/ament_index/resource_index/package_run_dependencies/tutorial_sam_bot
[1.258s] -- Installing: /home/anthony/Projects/phd/GPR-Robot/ws/install/tutorial_sam_bot/share/ament_index/resource_index/parent_prefix_path/tutorial_sam_bot
[1.258s] -- Installing: /home/anthony/Projects/phd/GPR-Robot/ws/install/tutorial_sam_bot/share/tutorial_sam_bot/environment/ament_prefix_path.sh
[1.259s] -- Installing: /home/anthony/Projects/phd/GPR-Robot/ws/install/tutorial_sam_bot/share/tutorial_sam_bot/environment/ament_prefix_path.dsv
[1.259s] -- Installing: /home/anthony/Projects/phd/GPR-Robot/ws/install/tutorial_sam_bot/share/tutorial_sam_bot/environment/path.sh
[1.259s] -- Installing: /home/anthony/Projects/phd/GPR-Robot/ws/install/tutorial_sam_bot/share/tutorial_sam_bot/environment/path.dsv
[1.260s] -- Installing: /home/anthony/Projects/phd/GPR-Robot/ws/install/tutorial_sam_bot/share/tutorial_sam_bot/local_setup.bash
[1.260s] -- Installing: /home/anthony/Projects/phd/GPR-Robot/ws/install/tutorial_sam_bot/share/tutorial_sam_bot/local_setup.sh
[1.260s] -- Installing: /home/anthony/Projects/phd/GPR-Robot/ws/install/tutorial_sam_bot/share/tutorial_sam_bot/local_setup.zsh
[1.261s] -- Installing: /home/anthony/Projects/phd/GPR-Robot/ws/install/tutorial_sam_bot/share/tutorial_sam_bot/local_setup.dsv
[1.261s] -- Installing: /home/anthony/Projects/phd/GPR-Robot/ws/install/tutorial_sam_bot/share/tutorial_sam_bot/package.dsv
[1.261s] -- Installing: /home/anthony/Projects/phd/GPR-Robot/ws/install/tutorial_sam_bot/share/ament_index/resource_index/packages/tutorial_sam_bot
[1.262s] -- Installing: /home/anthony/Projects/phd/GPR-Robot/ws/install/tutorial_sam_bot/share/tutorial_sam_bot/cmake/tutorial_sam_botConfig.cmake
[1.262s] -- Installing: /home/anthony/Projects/phd/GPR-Robot/ws/install/tutorial_sam_bot/share/tutorial_sam_bot/cmake/tutorial_sam_botConfig-version.cmake
[1.262s] -- Installing: /home/anthony/Projects/phd/GPR-Robot/ws/install/tutorial_sam_bot/share/tutorial_sam_bot/package.xml
[1.264s] Invoked command in '/home/anthony/Projects/phd/GPR-Robot/ws/build/tutorial_sam_bot' returned '0': CMAKE_PREFIX_PATH=${CMAKE_PREFIX_PATH}:/opt/ros/jazzy DEBUGINFOD_URLS=https://debuginfod.ubuntu.com /usr/bin/cmake --install /home/anthony/Projects/phd/GPR-Robot/ws/build/tutorial_sam_bot
