-- Install configuration: ""
-- Up-to-date: /home/anthony/Projects/phd/GPR-Robot/ws/install/tutorial_sam_bot/share/tutorial_sam_bot/src
-- Up-to-date: /home/anthony/Projects/phd/GPR-Robot/ws/install/tutorial_sam_bot/share/tutorial_sam_bot/src/description
-- Installing: /home/anthony/Projects/phd/GPR-Robot/ws/install/tutorial_sam_bot/share/tutorial_sam_bot/src/description/sam_bot.urdf
-- Up-to-date: /home/anthony/Projects/phd/GPR-Robot/ws/install/tutorial_sam_bot/share/tutorial_sam_bot/launch
-- Installing: /home/anthony/Projects/phd/GPR-Robot/ws/install/tutorial_sam_bot/share/tutorial_sam_bot/launch/display.launch.py
-- Up-to-date: /home/anthony/Projects/phd/GPR-Robot/ws/install/tutorial_sam_bot/share/tutorial_sam_bot/rviz
-- Up-to-date: /home/anthony/Projects/phd/GPR-Robot/ws/install/tutorial_sam_bot/share/tutorial_sam_bot/rviz/urdf_config.rviz
-- Up-to-date: /home/anthony/Projects/phd/GPR-Robot/ws/install/tutorial_sam_bot/share/ament_index/resource_index/package_run_dependencies/tutorial_sam_bot
-- Up-to-date: /home/anthony/Projects/phd/GPR-Robot/ws/install/tutorial_sam_bot/share/ament_index/resource_index/parent_prefix_path/tutorial_sam_bot
-- Up-to-date: /home/anthony/Projects/phd/GPR-Robot/ws/install/tutorial_sam_bot/share/tutorial_sam_bot/environment/ament_prefix_path.sh
-- Up-to-date: /home/anthony/Projects/phd/GPR-Robot/ws/install/tutorial_sam_bot/share/tutorial_sam_bot/environment/ament_prefix_path.dsv
-- Up-to-date: /home/anthony/Projects/phd/GPR-Robot/ws/install/tutorial_sam_bot/share/tutorial_sam_bot/environment/path.sh
-- Up-to-date: /home/anthony/Projects/phd/GPR-Robot/ws/install/tutorial_sam_bot/share/tutorial_sam_bot/environment/path.dsv
-- Up-to-date: /home/anthony/Projects/phd/GPR-Robot/ws/install/tutorial_sam_bot/share/tutorial_sam_bot/local_setup.bash
-- Up-to-date: /home/anthony/Projects/phd/GPR-Robot/ws/install/tutorial_sam_bot/share/tutorial_sam_bot/local_setup.sh
-- Up-to-date: /home/anthony/Projects/phd/GPR-Robot/ws/install/tutorial_sam_bot/share/tutorial_sam_bot/local_setup.zsh
-- Up-to-date: /home/anthony/Projects/phd/GPR-Robot/ws/install/tutorial_sam_bot/share/tutorial_sam_bot/local_setup.dsv
-- Installing: /home/anthony/Projects/phd/GPR-Robot/ws/install/tutorial_sam_bot/share/tutorial_sam_bot/package.dsv
-- Up-to-date: /home/anthony/Projects/phd/GPR-Robot/ws/install/tutorial_sam_bot/share/ament_index/resource_index/packages/tutorial_sam_bot
-- Up-to-date: /home/anthony/Projects/phd/GPR-Robot/ws/install/tutorial_sam_bot/share/tutorial_sam_bot/cmake/tutorial_sam_botConfig.cmake
-- Up-to-date: /home/anthony/Projects/phd/GPR-Robot/ws/install/tutorial_sam_bot/share/tutorial_sam_bot/cmake/tutorial_sam_botConfig-version.cmake
-- Up-to-date: /home/anthony/Projects/phd/GPR-Robot/ws/install/tutorial_sam_bot/share/tutorial_sam_bot/package.xml
