[0.015s] Invoking command in '/home/anthony/Projects/phd/GPR-Robot/ws/build/tutorial_sam_bot': CMAKE_PREFIX_PATH=${CMAKE_PREFIX_PATH}:/opt/ros/jazzy DEBUGINFOD_URLS=https://debuginfod.ubuntu.com /usr/bin/cmake --build /home/anthony/Projects/phd/GPR-Robot/ws/build/tutorial_sam_bot -- -j16 -l16
[0.110s] Invoked command in '/home/anthony/Projects/phd/GPR-Robot/ws/build/tutorial_sam_bot' returned '0': CMAKE_PREFIX_PATH=${CMAKE_PREFIX_PATH}:/opt/ros/jazzy DEBUGINFOD_URLS=https://debuginfod.ubuntu.com /usr/bin/cmake --build /home/anthony/Projects/phd/GPR-Robot/ws/build/tutorial_sam_bot -- -j16 -l16
[0.176s] Invoking command in '/home/anthony/Projects/phd/GPR-Robot/ws/build/tutorial_sam_bot': CMAKE_PREFIX_PATH=${CMAKE_PREFIX_PATH}:/opt/ros/jazzy DEBUGINFOD_URLS=https://debuginfod.ubuntu.com /usr/bin/cmake --install /home/anthony/Projects/phd/GPR-Robot/ws/build/tutorial_sam_bot
[0.187s] -- Install configuration: ""
[0.187s] -- Up-to-date: /home/anthony/Projects/phd/GPR-Robot/ws/install/tutorial_sam_bot/share/tutorial_sam_bot/src
[0.187s] -- Up-to-date: /home/anthony/Projects/phd/GPR-Robot/ws/install/tutorial_sam_bot/share/tutorial_sam_bot/src/description
[0.188s] -- Installing: /home/anthony/Projects/phd/GPR-Robot/ws/install/tutorial_sam_bot/share/tutorial_sam_bot/src/description/sam_bot.urdf
[0.188s] -- Up-to-date: /home/anthony/Projects/phd/GPR-Robot/ws/install/tutorial_sam_bot/share/tutorial_sam_bot/launch
[0.188s] -- Installing: /home/anthony/Projects/phd/GPR-Robot/ws/install/tutorial_sam_bot/share/tutorial_sam_bot/launch/display.launch.py
[0.188s] -- Up-to-date: /home/anthony/Projects/phd/GPR-Robot/ws/install/tutorial_sam_bot/share/tutorial_sam_bot/rviz
[0.189s] -- Up-to-date: /home/anthony/Projects/phd/GPR-Robot/ws/install/tutorial_sam_bot/share/tutorial_sam_bot/rviz/urdf_config.rviz
[0.189s] -- Up-to-date: /home/anthony/Projects/phd/GPR-Robot/ws/install/tutorial_sam_bot/share/ament_index/resource_index/package_run_dependencies/tutorial_sam_bot
[0.189s] -- Up-to-date: /home/anthony/Projects/phd/GPR-Robot/ws/install/tutorial_sam_bot/share/ament_index/resource_index/parent_prefix_path/tutorial_sam_bot
[0.189s] -- Up-to-date: /home/anthony/Projects/phd/GPR-Robot/ws/install/tutorial_sam_bot/share/tutorial_sam_bot/environment/ament_prefix_path.sh
[0.190s] -- Up-to-date: /home/anthony/Projects/phd/GPR-Robot/ws/install/tutorial_sam_bot/share/tutorial_sam_bot/environment/ament_prefix_path.dsv
[0.190s] -- Up-to-date: /home/anthony/Projects/phd/GPR-Robot/ws/install/tutorial_sam_bot/share/tutorial_sam_bot/environment/path.sh
[0.190s] -- Up-to-date: /home/anthony/Projects/phd/GPR-Robot/ws/install/tutorial_sam_bot/share/tutorial_sam_bot/environment/path.dsv
[0.191s] -- Up-to-date: /home/anthony/Projects/phd/GPR-Robot/ws/install/tutorial_sam_bot/share/tutorial_sam_bot/local_setup.bash
[0.191s] -- Up-to-date: /home/anthony/Projects/phd/GPR-Robot/ws/install/tutorial_sam_bot/share/tutorial_sam_bot/local_setup.sh
[0.192s] -- Up-to-date: /home/anthony/Projects/phd/GPR-Robot/ws/install/tutorial_sam_bot/share/tutorial_sam_bot/local_setup.zsh
[0.193s] -- Up-to-date: /home/anthony/Projects/phd/GPR-Robot/ws/install/tutorial_sam_bot/share/tutorial_sam_bot/local_setup.dsv
[0.193s] -- Installing: /home/anthony/Projects/phd/GPR-Robot/ws/install/tutorial_sam_bot/share/tutorial_sam_bot/package.dsv
[0.194s] -- Up-to-date: /home/anthony/Projects/phd/GPR-Robot/ws/install/tutorial_sam_bot/share/ament_index/resource_index/packages/tutorial_sam_bot
[0.194s] -- Up-to-date: /home/anthony/Projects/phd/GPR-Robot/ws/install/tutorial_sam_bot/share/tutorial_sam_bot/cmake/tutorial_sam_botConfig.cmake
[0.194s] -- Up-to-date: /home/anthony/Projects/phd/GPR-Robot/ws/install/tutorial_sam_bot/share/tutorial_sam_bot/cmake/tutorial_sam_botConfig-version.cmake
[0.195s] -- Up-to-date: /home/anthony/Projects/phd/GPR-Robot/ws/install/tutorial_sam_bot/share/tutorial_sam_bot/package.xml
[0.195s] Invoked command in '/home/anthony/Projects/phd/GPR-Robot/ws/build/tutorial_sam_bot' returned '0': CMAKE_PREFIX_PATH=${CMAKE_PREFIX_PATH}:/opt/ros/jazzy DEBUGINFOD_URLS=https://debuginfod.ubuntu.com /usr/bin/cmake --install /home/anthony/Projects/phd/GPR-Robot/ws/build/tutorial_sam_bot
