[0.129s] DEBUG:colcon:Command line arguments: ['/usr/bin/colcon', 'build']
[0.129s] DEBUG:colcon:Parsed command line arguments: Namespace(log_base=None, log_level=None, verb_name='build', build_base='build', install_base='install', merge_install=False, symlink_install=False, test_result_base=None, continue_on_error=False, executor='parallel', parallel_workers=16, event_handlers=None, ignore_user_meta=False, metas=['./colcon.meta'], base_paths=['.'], packages_ignore=None, packages_ignore_regex=None, paths=None, packages_up_to=None, packages_up_to_regex=None, packages_above=None, packages_above_and_dependencies=None, packages_above_depth=None, packages_select_by_dep=None, packages_skip_by_dep=None, packages_skip_up_to=None, packages_select_build_failed=False, packages_skip_build_finished=False, packages_select_test_failures=False, packages_skip_test_passed=False, packages_select=None, packages_skip=None, packages_select_regex=None, packages_skip_regex=None, packages_start=None, packages_end=None, allow_overriding=[], cmake_args=None, cmake_target=None, cmake_target_skip_unavailable=False, cmake_clean_cache=False, cmake_clean_first=False, cmake_force_configure=False, ament_cmake_args=None, catkin_cmake_args=None, catkin_skip_building_tests=False, mixin_files=None, mixin=None, verb_parser=<colcon_mixin.mixin.mixin_argument.MixinArgumentDecorator object at 0x7adfb3d70350>, verb_extension=<colcon_core.verb.build.BuildVerb object at 0x7adfb3d37ce0>, main=<bound method BuildVerb.main of <colcon_core.verb.build.BuildVerb object at 0x7adfb3d37ce0>>, mixin_verb=('build',))
[0.172s] Level 1:colcon.colcon_core.package_discovery:discover_packages(colcon_meta) check parameters
[0.173s] Level 1:colcon.colcon_core.package_discovery:discover_packages(recursive) check parameters
[0.173s] Level 1:colcon.colcon_core.package_discovery:discover_packages(ignore) check parameters
[0.173s] Level 1:colcon.colcon_core.package_discovery:discover_packages(path) check parameters
[0.173s] Level 1:colcon.colcon_core.package_discovery:discover_packages(colcon_meta) discover
[0.173s] Level 1:colcon.colcon_core.package_discovery:discover_packages(recursive) discover
[0.173s] INFO:colcon.colcon_core.package_discovery:Crawling recursively for packages in '/home/anthony/Projects/phd/GPR-Robot/ws'
[0.173s] Level 1:colcon.colcon_core.package_identification:_identify(.) by extensions ['ignore', 'ignore_ament_install']
[0.173s] Level 1:colcon.colcon_core.package_identification:_identify(.) by extension 'ignore'
[0.173s] Level 1:colcon.colcon_core.package_identification:_identify(.) by extension 'ignore_ament_install'
[0.173s] Level 1:colcon.colcon_core.package_identification:_identify(.) by extensions ['colcon_pkg']
[0.173s] Level 1:colcon.colcon_core.package_identification:_identify(.) by extension 'colcon_pkg'
[0.173s] Level 1:colcon.colcon_core.package_identification:_identify(.) by extensions ['colcon_meta']
[0.173s] Level 1:colcon.colcon_core.package_identification:_identify(.) by extension 'colcon_meta'
[0.173s] Level 1:colcon.colcon_core.package_identification:_identify(.) by extensions ['ros']
[0.173s] Level 1:colcon.colcon_core.package_identification:_identify(.) by extension 'ros'
[0.203s] Level 1:colcon.colcon_core.package_identification:_identify(.) by extensions ['cmake', 'python']
[0.203s] Level 1:colcon.colcon_core.package_identification:_identify(.) by extension 'cmake'
[0.203s] Level 1:colcon.colcon_core.package_identification:_identify(.) by extension 'python'
[0.203s] Level 1:colcon.colcon_core.package_identification:_identify(.) by extensions ['python_setup_py']
[0.203s] Level 1:colcon.colcon_core.package_identification:_identify(.) by extension 'python_setup_py'
[0.203s] Level 1:colcon.colcon_core.package_identification:_identify(build) by extensions ['ignore', 'ignore_ament_install']
[0.203s] Level 1:colcon.colcon_core.package_identification:_identify(build) by extension 'ignore'
[0.203s] Level 1:colcon.colcon_core.package_identification:_identify(build) ignored
[0.204s] Level 1:colcon.colcon_core.package_identification:_identify(install) by extensions ['ignore', 'ignore_ament_install']
[0.204s] Level 1:colcon.colcon_core.package_identification:_identify(install) by extension 'ignore'
[0.204s] Level 1:colcon.colcon_core.package_identification:_identify(install) ignored
[0.204s] Level 1:colcon.colcon_core.package_identification:_identify(log) by extensions ['ignore', 'ignore_ament_install']
[0.204s] Level 1:colcon.colcon_core.package_identification:_identify(log) by extension 'ignore'
[0.204s] Level 1:colcon.colcon_core.package_identification:_identify(log) ignored
[0.204s] Level 1:colcon.colcon_core.package_identification:_identify(src) by extensions ['ignore', 'ignore_ament_install']
[0.204s] Level 1:colcon.colcon_core.package_identification:_identify(src) by extension 'ignore'
[0.204s] Level 1:colcon.colcon_core.package_identification:_identify(src) by extension 'ignore_ament_install'
[0.204s] Level 1:colcon.colcon_core.package_identification:_identify(src) by extensions ['colcon_pkg']
[0.204s] Level 1:colcon.colcon_core.package_identification:_identify(src) by extension 'colcon_pkg'
[0.204s] Level 1:colcon.colcon_core.package_identification:_identify(src) by extensions ['colcon_meta']
[0.204s] Level 1:colcon.colcon_core.package_identification:_identify(src) by extension 'colcon_meta'
[0.204s] Level 1:colcon.colcon_core.package_identification:_identify(src) by extensions ['ros']
[0.204s] Level 1:colcon.colcon_core.package_identification:_identify(src) by extension 'ros'
[0.205s] Level 1:colcon.colcon_core.package_identification:_identify(src) by extensions ['cmake', 'python']
[0.205s] Level 1:colcon.colcon_core.package_identification:_identify(src) by extension 'cmake'
[0.205s] Level 1:colcon.colcon_core.package_identification:_identify(src) by extension 'python'
[0.205s] Level 1:colcon.colcon_core.package_identification:_identify(src) by extensions ['python_setup_py']
[0.205s] Level 1:colcon.colcon_core.package_identification:_identify(src) by extension 'python_setup_py'
[0.205s] Level 1:colcon.colcon_core.package_identification:_identify(src/tutorial) by extensions ['ignore', 'ignore_ament_install']
[0.205s] Level 1:colcon.colcon_core.package_identification:_identify(src/tutorial) by extension 'ignore'
[0.205s] Level 1:colcon.colcon_core.package_identification:_identify(src/tutorial) by extension 'ignore_ament_install'
[0.205s] Level 1:colcon.colcon_core.package_identification:_identify(src/tutorial) by extensions ['colcon_pkg']
[0.205s] Level 1:colcon.colcon_core.package_identification:_identify(src/tutorial) by extension 'colcon_pkg'
[0.205s] Level 1:colcon.colcon_core.package_identification:_identify(src/tutorial) by extensions ['colcon_meta']
[0.205s] Level 1:colcon.colcon_core.package_identification:_identify(src/tutorial) by extension 'colcon_meta'
[0.205s] Level 1:colcon.colcon_core.package_identification:_identify(src/tutorial) by extensions ['ros']
[0.205s] Level 1:colcon.colcon_core.package_identification:_identify(src/tutorial) by extension 'ros'
[0.208s] DEBUG:colcon.colcon_core.package_identification:Package 'src/tutorial' with type 'ros.ament_cmake' and name 'tutorial_sam_bot'
[0.208s] Level 1:colcon.colcon_core.package_discovery:discover_packages(recursive) using defaults
[0.208s] Level 1:colcon.colcon_core.package_discovery:discover_packages(ignore) discover
[0.208s] Level 1:colcon.colcon_core.package_discovery:discover_packages(ignore) using defaults
[0.208s] Level 1:colcon.colcon_core.package_discovery:discover_packages(path) discover
[0.208s] Level 1:colcon.colcon_core.package_discovery:discover_packages(path) using defaults
[0.227s] Level 1:colcon.colcon_core.package_discovery:discover_packages(prefix_path) check parameters
[0.227s] Level 1:colcon.colcon_core.package_discovery:discover_packages(prefix_path) discover
[0.232s] DEBUG:colcon.colcon_installed_package_information.package_discovery:Found 382 installed packages in /opt/ros/jazzy
[0.234s] Level 1:colcon.colcon_core.package_discovery:discover_packages(prefix_path) using defaults
[0.296s] Level 5:colcon.colcon_core.verb:set package 'tutorial_sam_bot' build argument 'cmake_args' from command line to 'None'
[0.296s] Level 5:colcon.colcon_core.verb:set package 'tutorial_sam_bot' build argument 'cmake_target' from command line to 'None'
[0.296s] Level 5:colcon.colcon_core.verb:set package 'tutorial_sam_bot' build argument 'cmake_target_skip_unavailable' from command line to 'False'
[0.296s] Level 5:colcon.colcon_core.verb:set package 'tutorial_sam_bot' build argument 'cmake_clean_cache' from command line to 'False'
[0.296s] Level 5:colcon.colcon_core.verb:set package 'tutorial_sam_bot' build argument 'cmake_clean_first' from command line to 'False'
[0.296s] Level 5:colcon.colcon_core.verb:set package 'tutorial_sam_bot' build argument 'cmake_force_configure' from command line to 'False'
[0.296s] Level 5:colcon.colcon_core.verb:set package 'tutorial_sam_bot' build argument 'ament_cmake_args' from command line to 'None'
[0.296s] Level 5:colcon.colcon_core.verb:set package 'tutorial_sam_bot' build argument 'catkin_cmake_args' from command line to 'None'
[0.296s] Level 5:colcon.colcon_core.verb:set package 'tutorial_sam_bot' build argument 'catkin_skip_building_tests' from command line to 'False'
[0.297s] DEBUG:colcon.colcon_core.verb:Building package 'tutorial_sam_bot' with the following arguments: {'ament_cmake_args': None, 'build_base': '/home/anthony/Projects/phd/GPR-Robot/ws/build/tutorial_sam_bot', 'catkin_cmake_args': None, 'catkin_skip_building_tests': False, 'cmake_args': None, 'cmake_clean_cache': False, 'cmake_clean_first': False, 'cmake_force_configure': False, 'cmake_target': None, 'cmake_target_skip_unavailable': False, 'install_base': '/home/anthony/Projects/phd/GPR-Robot/ws/install/tutorial_sam_bot', 'merge_install': False, 'path': '/home/anthony/Projects/phd/GPR-Robot/ws/src/tutorial', 'symlink_install': False, 'test_result_base': None}
[0.297s] INFO:colcon.colcon_core.executor:Executing jobs using 'parallel' executor
[0.297s] DEBUG:colcon.colcon_parallel_executor.executor.parallel:run_until_complete
[0.298s] INFO:colcon.colcon_ros.task.ament_cmake.build:Building ROS package in '/home/anthony/Projects/phd/GPR-Robot/ws/src/tutorial' with build type 'ament_cmake'
[0.298s] INFO:colcon.colcon_cmake.task.cmake.build:Building CMake package in '/home/anthony/Projects/phd/GPR-Robot/ws/src/tutorial'
[0.301s] INFO:colcon.colcon_core.plugin_system:Skipping extension 'colcon_core.shell.bat': Not used on non-Windows systems
[0.301s] INFO:colcon.colcon_core.shell:Skip shell extension 'powershell' for command environment: Not usable outside of PowerShell
[0.301s] DEBUG:colcon.colcon_core.shell:Skip shell extension 'dsv' for command environment
[0.311s] DEBUG:colcon.colcon_core.event_handler.log_command:Invoking command in '/home/anthony/Projects/phd/GPR-Robot/ws/build/tutorial_sam_bot': CMAKE_PREFIX_PATH=${CMAKE_PREFIX_PATH}:/opt/ros/jazzy DEBUGINFOD_URLS=https://debuginfod.ubuntu.com /usr/bin/cmake /home/anthony/Projects/phd/GPR-Robot/ws/src/tutorial -DCMAKE_INSTALL_PREFIX=/home/anthony/Projects/phd/GPR-Robot/ws/install/tutorial_sam_bot
[1.423s] DEBUG:colcon.colcon_core.event_handler.log_command:Invoked command in '/home/anthony/Projects/phd/GPR-Robot/ws/build/tutorial_sam_bot' returned '0': CMAKE_PREFIX_PATH=${CMAKE_PREFIX_PATH}:/opt/ros/jazzy DEBUGINFOD_URLS=https://debuginfod.ubuntu.com /usr/bin/cmake /home/anthony/Projects/phd/GPR-Robot/ws/src/tutorial -DCMAKE_INSTALL_PREFIX=/home/anthony/Projects/phd/GPR-Robot/ws/install/tutorial_sam_bot
[1.425s] DEBUG:colcon.colcon_core.event_handler.log_command:Invoking command in '/home/anthony/Projects/phd/GPR-Robot/ws/build/tutorial_sam_bot': CMAKE_PREFIX_PATH=${CMAKE_PREFIX_PATH}:/opt/ros/jazzy DEBUGINFOD_URLS=https://debuginfod.ubuntu.com /usr/bin/cmake --build /home/anthony/Projects/phd/GPR-Robot/ws/build/tutorial_sam_bot -- -j16 -l16
[1.504s] DEBUG:colcon.colcon_core.event_handler.log_command:Invoked command in '/home/anthony/Projects/phd/GPR-Robot/ws/build/tutorial_sam_bot' returned '0': CMAKE_PREFIX_PATH=${CMAKE_PREFIX_PATH}:/opt/ros/jazzy DEBUGINFOD_URLS=https://debuginfod.ubuntu.com /usr/bin/cmake --build /home/anthony/Projects/phd/GPR-Robot/ws/build/tutorial_sam_bot -- -j16 -l16
[1.544s] DEBUG:colcon.colcon_core.event_handler.log_command:Invoking command in '/home/anthony/Projects/phd/GPR-Robot/ws/build/tutorial_sam_bot': CMAKE_PREFIX_PATH=${CMAKE_PREFIX_PATH}:/opt/ros/jazzy DEBUGINFOD_URLS=https://debuginfod.ubuntu.com /usr/bin/cmake --install /home/anthony/Projects/phd/GPR-Robot/ws/build/tutorial_sam_bot
[1.561s] Level 1:colcon.colcon_core.environment:create_environment_scripts_only(tutorial_sam_bot)
[1.563s] DEBUG:colcon.colcon_core.event_handler.log_command:Invoked command in '/home/anthony/Projects/phd/GPR-Robot/ws/build/tutorial_sam_bot' returned '0': CMAKE_PREFIX_PATH=${CMAKE_PREFIX_PATH}:/opt/ros/jazzy DEBUGINFOD_URLS=https://debuginfod.ubuntu.com /usr/bin/cmake --install /home/anthony/Projects/phd/GPR-Robot/ws/build/tutorial_sam_bot
[1.568s] Level 1:colcon.colcon_core.environment:checking '/home/anthony/Projects/phd/GPR-Robot/ws/install/tutorial_sam_bot' for CMake module files
[1.569s] Level 1:colcon.colcon_core.environment:checking '/home/anthony/Projects/phd/GPR-Robot/ws/install/tutorial_sam_bot' for CMake config files
[1.570s] Level 1:colcon.colcon_core.shell:create_environment_hook('tutorial_sam_bot', 'cmake_prefix_path')
[1.570s] INFO:colcon.colcon_core.shell:Creating environment hook '/home/anthony/Projects/phd/GPR-Robot/ws/install/tutorial_sam_bot/share/tutorial_sam_bot/hook/cmake_prefix_path.ps1'
[1.571s] INFO:colcon.colcon_core.shell:Creating environment descriptor '/home/anthony/Projects/phd/GPR-Robot/ws/install/tutorial_sam_bot/share/tutorial_sam_bot/hook/cmake_prefix_path.dsv'
[1.572s] INFO:colcon.colcon_core.shell:Creating environment hook '/home/anthony/Projects/phd/GPR-Robot/ws/install/tutorial_sam_bot/share/tutorial_sam_bot/hook/cmake_prefix_path.sh'
[1.575s] Level 1:colcon.colcon_core.environment:checking '/home/anthony/Projects/phd/GPR-Robot/ws/install/tutorial_sam_bot/bin'
[1.575s] Level 1:colcon.colcon_core.environment:checking '/home/anthony/Projects/phd/GPR-Robot/ws/install/tutorial_sam_bot/lib/pkgconfig/tutorial_sam_bot.pc'
[1.575s] Level 1:colcon.colcon_core.environment:checking '/home/anthony/Projects/phd/GPR-Robot/ws/install/tutorial_sam_bot/lib/python3.12/site-packages'
[1.576s] Level 1:colcon.colcon_core.environment:checking '/home/anthony/Projects/phd/GPR-Robot/ws/install/tutorial_sam_bot/bin'
[1.577s] INFO:colcon.colcon_core.shell:Creating package script '/home/anthony/Projects/phd/GPR-Robot/ws/install/tutorial_sam_bot/share/tutorial_sam_bot/package.ps1'
[1.578s] INFO:colcon.colcon_core.shell:Creating package descriptor '/home/anthony/Projects/phd/GPR-Robot/ws/install/tutorial_sam_bot/share/tutorial_sam_bot/package.dsv'
[1.580s] INFO:colcon.colcon_core.shell:Creating package script '/home/anthony/Projects/phd/GPR-Robot/ws/install/tutorial_sam_bot/share/tutorial_sam_bot/package.sh'
[1.581s] INFO:colcon.colcon_core.shell:Creating package script '/home/anthony/Projects/phd/GPR-Robot/ws/install/tutorial_sam_bot/share/tutorial_sam_bot/package.bash'
[1.583s] INFO:colcon.colcon_core.shell:Creating package script '/home/anthony/Projects/phd/GPR-Robot/ws/install/tutorial_sam_bot/share/tutorial_sam_bot/package.zsh'
[1.584s] Level 1:colcon.colcon_core.environment:create_file_with_runtime_dependencies(/home/anthony/Projects/phd/GPR-Robot/ws/install/tutorial_sam_bot/share/colcon-core/packages/tutorial_sam_bot)
[1.623s] Level 1:colcon.colcon_core.environment:create_environment_scripts_only(tutorial_sam_bot)
[1.624s] Level 1:colcon.colcon_core.environment:checking '/home/anthony/Projects/phd/GPR-Robot/ws/install/tutorial_sam_bot' for CMake module files
[1.625s] Level 1:colcon.colcon_core.environment:checking '/home/anthony/Projects/phd/GPR-Robot/ws/install/tutorial_sam_bot' for CMake config files
[1.626s] Level 1:colcon.colcon_core.shell:create_environment_hook('tutorial_sam_bot', 'cmake_prefix_path')
[1.626s] INFO:colcon.colcon_core.shell:Creating environment hook '/home/anthony/Projects/phd/GPR-Robot/ws/install/tutorial_sam_bot/share/tutorial_sam_bot/hook/cmake_prefix_path.ps1'
[1.627s] INFO:colcon.colcon_core.shell:Creating environment descriptor '/home/anthony/Projects/phd/GPR-Robot/ws/install/tutorial_sam_bot/share/tutorial_sam_bot/hook/cmake_prefix_path.dsv'
[1.628s] INFO:colcon.colcon_core.shell:Creating environment hook '/home/anthony/Projects/phd/GPR-Robot/ws/install/tutorial_sam_bot/share/tutorial_sam_bot/hook/cmake_prefix_path.sh'
[1.629s] Level 1:colcon.colcon_core.environment:checking '/home/anthony/Projects/phd/GPR-Robot/ws/install/tutorial_sam_bot/bin'
[1.629s] Level 1:colcon.colcon_core.environment:checking '/home/anthony/Projects/phd/GPR-Robot/ws/install/tutorial_sam_bot/lib/pkgconfig/tutorial_sam_bot.pc'
[1.630s] Level 1:colcon.colcon_core.environment:checking '/home/anthony/Projects/phd/GPR-Robot/ws/install/tutorial_sam_bot/lib/python3.12/site-packages'
[1.630s] Level 1:colcon.colcon_core.environment:checking '/home/anthony/Projects/phd/GPR-Robot/ws/install/tutorial_sam_bot/bin'
[1.630s] INFO:colcon.colcon_core.shell:Creating package script '/home/anthony/Projects/phd/GPR-Robot/ws/install/tutorial_sam_bot/share/tutorial_sam_bot/package.ps1'
[1.632s] INFO:colcon.colcon_core.shell:Creating package descriptor '/home/anthony/Projects/phd/GPR-Robot/ws/install/tutorial_sam_bot/share/tutorial_sam_bot/package.dsv'
[1.633s] INFO:colcon.colcon_core.shell:Creating package script '/home/anthony/Projects/phd/GPR-Robot/ws/install/tutorial_sam_bot/share/tutorial_sam_bot/package.sh'
[1.634s] INFO:colcon.colcon_core.shell:Creating package script '/home/anthony/Projects/phd/GPR-Robot/ws/install/tutorial_sam_bot/share/tutorial_sam_bot/package.bash'
[1.634s] INFO:colcon.colcon_core.shell:Creating package script '/home/anthony/Projects/phd/GPR-Robot/ws/install/tutorial_sam_bot/share/tutorial_sam_bot/package.zsh'
[1.635s] Level 1:colcon.colcon_core.environment:create_file_with_runtime_dependencies(/home/anthony/Projects/phd/GPR-Robot/ws/install/tutorial_sam_bot/share/colcon-core/packages/tutorial_sam_bot)
[1.636s] DEBUG:colcon.colcon_parallel_executor.executor.parallel:closing loop
[1.637s] DEBUG:colcon.colcon_parallel_executor.executor.parallel:loop closed
[1.637s] DEBUG:colcon.colcon_parallel_executor.executor.parallel:run_until_complete finished with '0'
[1.637s] DEBUG:colcon.colcon_core.event_reactor:joining thread
[1.649s] INFO:colcon.colcon_core.plugin_system:Skipping extension 'colcon_notification.desktop_notification.terminal_notifier': Not used on non-Darwin systems
[1.649s] INFO:colcon.colcon_core.plugin_system:Skipping extension 'colcon_notification.desktop_notification.win32': Not used on non-Windows systems
[1.649s] INFO:colcon.colcon_notification.desktop_notification:Sending desktop notification using 'notify2'
[1.699s] DEBUG:colcon.colcon_core.event_reactor:joined thread
[1.699s] INFO:colcon.colcon_core.shell:Creating prefix script '/home/anthony/Projects/phd/GPR-Robot/ws/install/local_setup.ps1'
[1.701s] INFO:colcon.colcon_core.shell:Creating prefix util module '/home/anthony/Projects/phd/GPR-Robot/ws/install/_local_setup_util_ps1.py'
[1.704s] INFO:colcon.colcon_core.shell:Creating prefix chain script '/home/anthony/Projects/phd/GPR-Robot/ws/install/setup.ps1'
[1.706s] INFO:colcon.colcon_core.shell:Creating prefix script '/home/anthony/Projects/phd/GPR-Robot/ws/install/local_setup.sh'
[1.707s] INFO:colcon.colcon_core.shell:Creating prefix util module '/home/anthony/Projects/phd/GPR-Robot/ws/install/_local_setup_util_sh.py'
[1.709s] INFO:colcon.colcon_core.shell:Creating prefix chain script '/home/anthony/Projects/phd/GPR-Robot/ws/install/setup.sh'
[1.711s] INFO:colcon.colcon_core.shell:Creating prefix script '/home/anthony/Projects/phd/GPR-Robot/ws/install/local_setup.bash'
[1.712s] INFO:colcon.colcon_core.shell:Creating prefix chain script '/home/anthony/Projects/phd/GPR-Robot/ws/install/setup.bash'
[1.713s] INFO:colcon.colcon_core.shell:Creating prefix script '/home/anthony/Projects/phd/GPR-Robot/ws/install/local_setup.zsh'
[1.714s] INFO:colcon.colcon_core.shell:Creating prefix chain script '/home/anthony/Projects/phd/GPR-Robot/ws/install/setup.zsh'
