-- Install configuration: ""
-- Up-to-date: /home/anthony/Projects/PhD/GPR/ros/gpr_ws/install/gpr_robot_bringup/share/gpr_robot_bringup/launch
-- Installing: /home/anthony/Projects/PhD/GPR/ros/gpr_ws/install/gpr_robot_bringup/share/gpr_robot_bringup/launch/gpr_robot_gz.launch.py
-- Up-to-date: /home/anthony/Projects/PhD/GPR/ros/gpr_ws/install/gpr_robot_bringup/share/gpr_robot_bringup/config
-- Up-to-date: /home/anthony/Projects/PhD/GPR/ros/gpr_ws/install/gpr_robot_bringup/share/gpr_robot_bringup/config/gpr_robot.rviz
-- Up-to-date: /home/anthony/Projects/PhD/GPR/ros/gpr_ws/install/gpr_robot_bringup/share/gpr_robot_bringup/config/gpr_robot_bridge.yaml
-- Up-to-date: /home/anthony/Projects/PhD/GPR/ros/gpr_ws/install/gpr_robot_bringup/share/ament_index/resource_index/package_run_dependencies/gpr_robot_bringup
-- Up-to-date: /home/anthony/Projects/PhD/GPR/ros/gpr_ws/install/gpr_robot_bringup/share/ament_index/resource_index/parent_prefix_path/gpr_robot_bringup
-- Up-to-date: /home/anthony/Projects/PhD/GPR/ros/gpr_ws/install/gpr_robot_bringup/share/gpr_robot_bringup/environment/ament_prefix_path.sh
-- Up-to-date: /home/anthony/Projects/PhD/GPR/ros/gpr_ws/install/gpr_robot_bringup/share/gpr_robot_bringup/environment/ament_prefix_path.dsv
-- Up-to-date: /home/anthony/Projects/PhD/GPR/ros/gpr_ws/install/gpr_robot_bringup/share/gpr_robot_bringup/environment/path.sh
-- Up-to-date: /home/anthony/Projects/PhD/GPR/ros/gpr_ws/install/gpr_robot_bringup/share/gpr_robot_bringup/environment/path.dsv
-- Up-to-date: /home/anthony/Projects/PhD/GPR/ros/gpr_ws/install/gpr_robot_bringup/share/gpr_robot_bringup/local_setup.bash
-- Up-to-date: /home/anthony/Projects/PhD/GPR/ros/gpr_ws/install/gpr_robot_bringup/share/gpr_robot_bringup/local_setup.sh
-- Up-to-date: /home/anthony/Projects/PhD/GPR/ros/gpr_ws/install/gpr_robot_bringup/share/gpr_robot_bringup/local_setup.zsh
-- Up-to-date: /home/anthony/Projects/PhD/GPR/ros/gpr_ws/install/gpr_robot_bringup/share/gpr_robot_bringup/local_setup.dsv
-- Up-to-date: /home/anthony/Projects/PhD/GPR/ros/gpr_ws/install/gpr_robot_bringup/share/gpr_robot_bringup/package.dsv
-- Up-to-date: /home/anthony/Projects/PhD/GPR/ros/gpr_ws/install/gpr_robot_bringup/share/ament_index/resource_index/packages/gpr_robot_bringup
-- Up-to-date: /home/anthony/Projects/PhD/GPR/ros/gpr_ws/install/gpr_robot_bringup/share/gpr_robot_bringup/cmake/gpr_robot_bringupConfig.cmake
-- Up-to-date: /home/anthony/Projects/PhD/GPR/ros/gpr_ws/install/gpr_robot_bringup/share/gpr_robot_bringup/cmake/gpr_robot_bringupConfig-version.cmake
-- Up-to-date: /home/anthony/Projects/PhD/GPR/ros/gpr_ws/install/gpr_robot_bringup/share/gpr_robot_bringup/package.xml
